<?xml version="1.0" encoding="utf-8"?>
<CoverageSession xmlns:xsd="http://www.w3.org/2001/XMLSchema" xmlns:xsi="http://www.w3.org/2001/XMLSchema-instance">
  <Summary numSequencePoints="290" visitedSequencePoints="22" numBranchPoints="124" visitedBranchPoints="4" sequenceCoverage="7.59" branchCoverage="3.23" maxCyclomaticComplexity="14" minCyclomaticComplexity="1" />
  <Modules>
    <Module skippedDueTo="Filter" hash="B5-D0-3C-D0-D3-0E-6D-9A-B0-27-ED-4B-C0-AC-D5-4F-18-84-56-AE">
      <FullName>C:\Windows\Microsoft.Net\assembly\GAC_32\mscorlib\v4.0_4.0.0.0__b77a5c561934e089\mscorlib.dll</FullName>
      <ModuleName>mscorlib</ModuleName>
      <Classes />
    </Module>
    <Module skippedDueTo="MissingPdb" hash="37-80-BE-DC-A8-79-2C-78-4A-75-9F-D4-19-B1-3A-5A-48-3E-CA-03">
      <FullName>C:\Program Files (x86)\SharpDevelop\5.0\bin\Tools\NUnit\nunit-console-x86.exe</FullName>
      <ModuleName>nunit-console</ModuleName>
      <Classes />
    </Module>
    <Module skippedDueTo="MissingPdb" hash="33-E1-CA-24-52-5A-B7-C7-C4-AF-91-2C-A9-4A-C0-37-67-0D-5B-FE">
      <FullName>C:\Program Files (x86)\SharpDevelop\5.0\bin\Tools\NUnit\lib\nunit.core.dll</FullName>
      <ModuleName>nunit.core</ModuleName>
      <Classes />
    </Module>
    <Module skippedDueTo="MissingPdb" hash="2A-C4-E5-DE-F3-EE-AD-84-E1-65-84-CC-15-90-76-96-E7-01-44-4E">
      <FullName>C:\Program Files (x86)\SharpDevelop\5.0\bin\Tools\NUnit\lib\nunit-console-runner.dll</FullName>
      <ModuleName>nunit-console-runner</ModuleName>
      <Classes />
    </Module>
    <Module skippedDueTo="MissingPdb" hash="74-74-F6-87-59-E1-5F-4F-5F-5E-6E-82-50-E8-E2-46-D4-86-15-76">
      <FullName>C:\Program Files (x86)\SharpDevelop\5.0\bin\Tools\NUnit\lib\nunit.util.dll</FullName>
      <ModuleName>nunit.util</ModuleName>
      <Classes />
    </Module>
    <Module skippedDueTo="MissingPdb" hash="D3-A4-4D-85-55-F7-CE-EF-A5-90-AA-EF-58-E0-9F-B6-CC-27-99-53">
      <FullName>C:\Program Files (x86)\SharpDevelop\5.0\bin\Tools\NUnit\lib\nunit.core.interfaces.dll</FullName>
      <ModuleName>nunit.core.interfaces</ModuleName>
      <Classes />
    </Module>
    <Module skippedDueTo="Filter" hash="B6-60-CE-70-25-03-8E-12-F0-FF-EB-DA-C8-94-AA-A9-02-DE-71-07">
      <FullName>C:\Windows\Microsoft.Net\assembly\GAC_MSIL\System.Configuration\v4.0_4.0.0.0__b03f5f7f11d50a3a\System.Configuration.dll</FullName>
      <ModuleName>System.Configuration</ModuleName>
      <Classes />
    </Module>
    <Module skippedDueTo="Filter" hash="79-DD-49-29-A6-8C-BD-B2-DD-EB-1F-29-44-27-B0-62-83-FC-28-5B">
      <FullName>C:\Windows\Microsoft.Net\assembly\GAC_MSIL\System\v4.0_4.0.0.0__b77a5c561934e089\System.dll</FullName>
      <ModuleName>System</ModuleName>
      <Classes />
    </Module>
    <Module skippedDueTo="Filter" hash="C9-BC-DF-73-A0-25-04-46-0C-54-0E-8A-45-29-C8-24-C8-0D-43-0D">
      <FullName>C:\Windows\Microsoft.Net\assembly\GAC_MSIL\System.Xml\v4.0_4.0.0.0__b77a5c561934e089\System.Xml.dll</FullName>
      <ModuleName>System.Xml</ModuleName>
      <Classes />
    </Module>
    <Module skippedDueTo="Filter" hash="BB-22-2B-D0-CE-B1-A5-08-20-9C-FA-2B-83-97-64-3A-8B-BD-0A-39">
      <FullName>C:\Windows\Microsoft.Net\assembly\GAC_MSIL\System.Runtime.Remoting\v4.0_4.0.0.0__b77a5c561934e089\System.Runtime.Remoting.dll</FullName>
      <ModuleName>System.Runtime.Remoting</ModuleName>
      <Classes />
    </Module>
    <Module skippedDueTo="Filter" hash="43-0F-9E-14-71-13-7F-E2-26-11-26-04-62-4A-0E-92-1F-0F-04-20">
      <FullName>C:\Windows\Microsoft.Net\assembly\GAC_MSIL\System.Core\v4.0_4.0.0.0__b77a5c561934e089\System.Core.dll</FullName>
      <ModuleName>System.Core</ModuleName>
      <Classes />
    </Module>
    <Module skippedDueTo="Filter" hash="C6-C0-20-FD-5E-0C-AC-BB-7C-3E-1D-37-44-ED-86-32-96-67-05-CE">
      <FullName>C:\Windows\Microsoft.Net\assembly\GAC_MSIL\mscorlib.resources\v4.0_4.0.0.0_fr_b77a5c561934e089\mscorlib.resources.dll</FullName>
      <ModuleName>mscorlib.resources</ModuleName>
      <Classes />
    </Module>
    <Module skippedDueTo="MissingPdb" hash="33-E1-CA-24-52-5A-B7-C7-C4-AF-91-2C-A9-4A-C0-37-67-0D-5B-FE">
      <FullName>C:\Program Files (x86)\SharpDevelop\5.0\bin\Tools\NUnit\lib\nunit.core.dll</FullName>
      <ModuleName>nunit.core</ModuleName>
      <Classes />
    </Module>
    <Module skippedDueTo="Filter" hash="79-DD-49-29-A6-8C-BD-B2-DD-EB-1F-29-44-27-B0-62-83-FC-28-5B">
      <FullName>C:\Windows\Microsoft.Net\assembly\GAC_MSIL\System\v4.0_4.0.0.0__b77a5c561934e089\System.dll</FullName>
      <ModuleName>System</ModuleName>
      <Classes />
    </Module>
    <Module skippedDueTo="Filter" hash="C9-BC-DF-73-A0-25-04-46-0C-54-0E-8A-45-29-C8-24-C8-0D-43-0D">
      <FullName>C:\Windows\Microsoft.Net\assembly\GAC_MSIL\System.Xml\v4.0_4.0.0.0__b77a5c561934e089\System.Xml.dll</FullName>
      <ModuleName>System.Xml</ModuleName>
      <Classes />
    </Module>
    <Module skippedDueTo="MissingPdb" hash="D3-A4-4D-85-55-F7-CE-EF-A5-90-AA-EF-58-E0-9F-B6-CC-27-99-53">
      <FullName>C:\Program Files (x86)\SharpDevelop\5.0\bin\Tools\NUnit\lib\nunit.core.interfaces.dll</FullName>
      <ModuleName>nunit.core.interfaces</ModuleName>
      <Classes />
    </Module>
    <Module hash="0E-B0-4B-FA-2A-6F-F9-19-EF-7E-87-DB-23-D1-A0-E2-2E-E7-4A-8C">
      <Summary numSequencePoints="290" visitedSequencePoints="22" numBranchPoints="124" visitedBranchPoints="4" sequenceCoverage="7.59" branchCoverage="3.23" maxCyclomaticComplexity="14" minCyclomaticComplexity="1" />
      <FullName>C:\Users\Romain GABEL\AppData\Local\Temp\nunit20\ShadowCopyCache\2924_635369780901841695\Tests_6598078\assembly\dl3\da36d3ec\768d1122_4b7bcf01\nurl.exe</FullName>
      <ModuleName>nurl</ModuleName>
      <Files>
        <File uid="1" fullPath="c:\Users\Romain GABEL\Desktop\github\CSharpProjectsExercices\Projects\nurl\nurl\parse\old\myParser.cs" />
        <File uid="2" fullPath="c:\Users\Romain GABEL\Desktop\github\CSharpProjectsExercices\Projects\nurl\nurl\parse\old\Option.cs" />
        <File uid="3" fullPath="c:\Users\Romain GABEL\Desktop\github\CSharpProjectsExercices\Projects\nurl\nurl\Program.cs" />
        <File uid="4" fullPath="c:\Users\Romain GABEL\Desktop\github\CSharpProjectsExercices\Projects\nurl\nurl\Test\TestGet.cs" />
        <File uid="6" fullPath="c:\Users\Romain GABEL\Desktop\github\CSharpProjectsExercices\Projects\nurl\nurl\Test\TestParser.cs" />
      </Files>
      <Classes>
        <Class>
          <Summary numSequencePoints="0" visitedSequencePoints="0" numBranchPoints="0" visitedBranchPoints="0" sequenceCoverage="0" branchCoverage="0" maxCyclomaticComplexity="0" minCyclomaticComplexity="0" />
          <FullName>&lt;Module&gt;</FullName>
          <Methods />
        </Class>
        <Class>
          <Summary numSequencePoints="109" visitedSequencePoints="0" numBranchPoints="62" visitedBranchPoints="0" sequenceCoverage="0" branchCoverage="0" maxCyclomaticComplexity="8" minCyclomaticComplexity="1" />
          <FullName>nurl.parse.myParser</FullName>
          <Methods>
            <Method visited="false" cyclomaticComplexity="1" sequenceCoverage="0" branchCoverage="0" isConstructor="true" isStatic="false" isGetter="false" isSetter="false">
              <Summary numSequencePoints="4" visitedSequencePoints="0" numBranchPoints="1" visitedBranchPoints="0" sequenceCoverage="0" branchCoverage="0" maxCyclomaticComplexity="1" minCyclomaticComplexity="1" />
              <MetadataToken>100663297</MetadataToken>
              <Name>System.Void nurl.parse.myParser::.ctor(System.String[])</Name>
              <FileRef uid="1" />
              <SequencePoints>
                <SequencePoint vc="0" uspid="1" ordinal="0" offset="0" sl="25" sc="3" el="25" ec="34" bec="0" bev="0" fileid="1" />
                <SequencePoint vc="0" uspid="2" ordinal="1" offset="7" sl="26" sc="3" el="26" ec="4" bec="0" bev="0" fileid="1" />
                <SequencePoint vc="0" uspid="3" ordinal="2" offset="8" sl="27" sc="4" el="27" ec="16" bec="0" bev="0" fileid="1" />
                <SequencePoint vc="0" uspid="4" ordinal="3" offset="15" sl="28" sc="3" el="28" ec="4" bec="0" bev="0" fileid="1" />
              </SequencePoints>
              <BranchPoints />
              <MethodPoint xsi:type="SequencePoint" vc="0" uspid="1" ordinal="0" offset="0" sl="25" sc="3" el="25" ec="34" bec="0" bev="0" fileid="1" />
            </Method>
            <Method visited="false" cyclomaticComplexity="4" sequenceCoverage="0" branchCoverage="0" isConstructor="false" isStatic="false" isGetter="false" isSetter="false">
              <Summary numSequencePoints="8" visitedSequencePoints="0" numBranchPoints="7" visitedBranchPoints="0" sequenceCoverage="0" branchCoverage="0" maxCyclomaticComplexity="4" minCyclomaticComplexity="4" />
              <MetadataToken>100663298</MetadataToken>
              <Name>System.Void nurl.parse.myParser::parseArgs()</Name>
              <FileRef uid="1" />
              <SequencePoints>
                <SequencePoint vc="0" uspid="5" ordinal="0" offset="0" sl="31" sc="3" el="31" ec="4" bec="0" bev="0" fileid="1" />
                <SequencePoint vc="0" uspid="6" ordinal="1" offset="1" sl="32" sc="4" el="32" ec="19" bec="2" bev="0" fileid="1" />
                <SequencePoint vc="0" uspid="7" ordinal="2" offset="11" sl="33" sc="5" el="33" ec="12" bec="0" bev="0" fileid="1" />
                <SequencePoint vc="0" uspid="8" ordinal="3" offset="13" sl="35" sc="4" el="35" ec="30" bec="2" bev="0" fileid="1" />
                <SequencePoint vc="0" uspid="9" ordinal="4" offset="26" sl="36" sc="5" el="36" ec="14" bec="0" bev="0" fileid="1" />
                <SequencePoint vc="0" uspid="10" ordinal="5" offset="33" sl="38" sc="4" el="38" ec="31" bec="2" bev="0" fileid="1" />
                <SequencePoint vc="0" uspid="11" ordinal="6" offset="46" sl="39" sc="5" el="39" ec="15" bec="0" bev="0" fileid="1" />
                <SequencePoint vc="0" uspid="12" ordinal="7" offset="53" sl="44" sc="3" el="44" ec="4" bec="0" bev="0" fileid="1" />
              </SequencePoints>
              <BranchPoints>
                <BranchPoint vc="0" uspid="13" ordinal="0" offset="9" path="0" offsetchain="11" offsetend="53" />
                <BranchPoint vc="0" uspid="14" ordinal="1" offset="9" path="1" offsetchain="" offsetend="13" />
                <BranchPoint vc="0" uspid="15" ordinal="2" offset="24" path="0" offsetchain="" offsetend="26" />
                <BranchPoint vc="0" uspid="16" ordinal="3" offset="24" path="1" offsetchain="" offsetend="33" />
                <BranchPoint vc="0" uspid="17" ordinal="4" offset="44" path="0" offsetchain="" offsetend="46" />
                <BranchPoint vc="0" uspid="18" ordinal="5" offset="44" path="1" offsetchain="" offsetend="53" />
              </BranchPoints>
              <MethodPoint xsi:type="SequencePoint" vc="0" uspid="5" ordinal="0" offset="0" sl="31" sc="3" el="31" ec="4" bec="0" bev="0" fileid="1" />
            </Method>
            <Method visited="false" cyclomaticComplexity="4" sequenceCoverage="0" branchCoverage="0" isConstructor="false" isStatic="false" isGetter="false" isSetter="false">
              <Summary numSequencePoints="12" visitedSequencePoints="0" numBranchPoints="7" visitedBranchPoints="0" sequenceCoverage="0" branchCoverage="0" maxCyclomaticComplexity="4" minCyclomaticComplexity="4" />
              <MetadataToken>100663299</MetadataToken>
              <Name>System.Void nurl.parse.myParser::getUrl()</Name>
              <FileRef uid="1" />
              <SequencePoints>
                <SequencePoint vc="0" uspid="19" ordinal="0" offset="0" sl="47" sc="3" el="47" ec="4" bec="0" bev="0" fileid="1" />
                <SequencePoint vc="0" uspid="20" ordinal="1" offset="1" sl="48" sc="4" el="48" ec="11" bec="0" bev="0" fileid="1" />
                <SequencePoint vc="0" uspid="21" ordinal="2" offset="2" sl="48" sc="30" el="48" ec="33" bec="0" bev="0" fileid="1" />
                <SequencePoint vc="0" uspid="22" ordinal="3" offset="13" sl="48" sc="12" el="48" ec="26" bec="0" bev="0" fileid="1" />
                <SequencePoint vc="0" uspid="23" ordinal="4" offset="17" sl="49" sc="4" el="49" ec="5" bec="0" bev="0" fileid="1" />
                <SequencePoint vc="0" uspid="24" ordinal="5" offset="18" sl="50" sc="5" el="50" ec="90" bec="4" bev="0" fileid="1" />
                <SequencePoint vc="0" uspid="25" ordinal="6" offset="95" sl="51" sc="5" el="51" ec="6" bec="0" bev="0" fileid="1" />
                <SequencePoint vc="0" uspid="26" ordinal="7" offset="96" sl="52" sc="6" el="52" ec="25" bec="0" bev="0" fileid="1" />
                <SequencePoint vc="0" uspid="27" ordinal="8" offset="103" sl="53" sc="5" el="53" ec="6" bec="0" bev="0" fileid="1" />
                <SequencePoint vc="0" uspid="28" ordinal="9" offset="104" sl="55" sc="4" el="55" ec="5" bec="0" bev="0" fileid="1" />
                <SequencePoint vc="0" uspid="29" ordinal="10" offset="109" sl="48" sc="27" el="48" ec="29" bec="2" bev="0" fileid="1" />
                <SequencePoint vc="0" uspid="30" ordinal="11" offset="121" sl="56" sc="3" el="56" ec="4" bec="0" bev="0" fileid="1" />
              </SequencePoints>
              <BranchPoints>
                <BranchPoint vc="0" uspid="31" ordinal="0" offset="49" path="0" offsetchain="" offsetend="51" />
                <BranchPoint vc="0" uspid="32" ordinal="1" offset="49" path="1" offsetchain="" offsetend="87" />
                <BranchPoint vc="0" uspid="33" ordinal="2" offset="93" path="0" offsetchain="" offsetend="95" />
                <BranchPoint vc="0" uspid="34" ordinal="3" offset="93" path="1" offsetchain="" offsetend="104" />
                <BranchPoint vc="0" uspid="35" ordinal="4" offset="119" path="0" offsetchain="" offsetend="121" />
                <BranchPoint vc="0" uspid="36" ordinal="5" offset="119" path="1" offsetchain="" offsetend="13" />
              </BranchPoints>
              <MethodPoint xsi:type="SequencePoint" vc="0" uspid="19" ordinal="0" offset="0" sl="47" sc="3" el="47" ec="4" bec="0" bev="0" fileid="1" />
            </Method>
            <Method visited="false" cyclomaticComplexity="4" sequenceCoverage="0" branchCoverage="0" isConstructor="false" isStatic="false" isGetter="false" isSetter="false">
              <Summary numSequencePoints="15" visitedSequencePoints="0" numBranchPoints="7" visitedBranchPoints="0" sequenceCoverage="0" branchCoverage="0" maxCyclomaticComplexity="4" minCyclomaticComplexity="4" />
              <MetadataToken>100663300</MetadataToken>
              <Name>System.Void nurl.parse.myParser::getFile()</Name>
              <FileRef uid="1" />
              <SequencePoints>
                <SequencePoint vc="0" uspid="37" ordinal="0" offset="0" sl="60" sc="3" el="60" ec="4" bec="0" bev="0" fileid="1" />
                <SequencePoint vc="0" uspid="38" ordinal="1" offset="1" sl="61" sc="4" el="61" ec="22" bec="0" bev="0" fileid="1" />
                <SequencePoint vc="0" uspid="39" ordinal="2" offset="3" sl="62" sc="4" el="62" ec="11" bec="0" bev="0" fileid="1" />
                <SequencePoint vc="0" uspid="40" ordinal="3" offset="4" sl="62" sc="30" el="62" ec="33" bec="0" bev="0" fileid="1" />
                <SequencePoint vc="0" uspid="41" ordinal="4" offset="15" sl="62" sc="12" el="62" ec="26" bec="0" bev="0" fileid="1" />
                <SequencePoint vc="0" uspid="42" ordinal="5" offset="19" sl="63" sc="4" el="63" ec="5" bec="0" bev="0" fileid="1" />
                <SequencePoint vc="0" uspid="43" ordinal="6" offset="20" sl="64" sc="5" el="64" ec="13" bec="2" bev="0" fileid="1" />
                <SequencePoint vc="0" uspid="44" ordinal="7" offset="30" sl="65" sc="6" el="65" ec="28" bec="0" bev="0" fileid="1" />
                <SequencePoint vc="0" uspid="45" ordinal="8" offset="37" sl="67" sc="5" el="67" ec="32" bec="2" bev="0" fileid="1" />
                <SequencePoint vc="0" uspid="46" ordinal="9" offset="57" sl="68" sc="5" el="68" ec="6" bec="0" bev="0" fileid="1" />
                <SequencePoint vc="0" uspid="47" ordinal="10" offset="58" sl="69" sc="6" el="69" ec="18" bec="0" bev="0" fileid="1" />
                <SequencePoint vc="0" uspid="48" ordinal="11" offset="60" sl="70" sc="5" el="70" ec="6" bec="0" bev="0" fileid="1" />
                <SequencePoint vc="0" uspid="49" ordinal="12" offset="61" sl="72" sc="4" el="72" ec="5" bec="0" bev="0" fileid="1" />
                <SequencePoint vc="0" uspid="50" ordinal="13" offset="66" sl="62" sc="27" el="62" ec="29" bec="2" bev="0" fileid="1" />
                <SequencePoint vc="0" uspid="51" ordinal="14" offset="78" sl="73" sc="3" el="73" ec="4" bec="0" bev="0" fileid="1" />
              </SequencePoints>
              <BranchPoints>
                <BranchPoint vc="0" uspid="52" ordinal="0" offset="28" path="0" offsetchain="" offsetend="30" />
                <BranchPoint vc="0" uspid="53" ordinal="1" offset="28" path="1" offsetchain="" offsetend="37" />
                <BranchPoint vc="0" uspid="54" ordinal="2" offset="55" path="0" offsetchain="" offsetend="57" />
                <BranchPoint vc="0" uspid="55" ordinal="3" offset="55" path="1" offsetchain="" offsetend="61" />
                <BranchPoint vc="0" uspid="56" ordinal="4" offset="76" path="0" offsetchain="" offsetend="78" />
                <BranchPoint vc="0" uspid="57" ordinal="5" offset="76" path="1" offsetchain="" offsetend="15" />
              </BranchPoints>
              <MethodPoint xsi:type="SequencePoint" vc="0" uspid="37" ordinal="0" offset="0" sl="60" sc="3" el="60" ec="4" bec="0" bev="0" fileid="1" />
            </Method>
            <Method visited="false" cyclomaticComplexity="8" sequenceCoverage="0" branchCoverage="0" isConstructor="false" isStatic="false" isGetter="false" isSetter="false">
              <Summary numSequencePoints="15" visitedSequencePoints="0" numBranchPoints="15" visitedBranchPoints="0" sequenceCoverage="0" branchCoverage="0" maxCyclomaticComplexity="8" minCyclomaticComplexity="8" />
              <MetadataToken>100663301</MetadataToken>
              <Name>System.Boolean nurl.parse.myParser::checkArg()</Name>
              <FileRef uid="1" />
              <SequencePoints>
                <SequencePoint vc="0" uspid="58" ordinal="0" offset="0" sl="76" sc="3" el="76" ec="4" bec="0" bev="0" fileid="1" />
                <SequencePoint vc="0" uspid="59" ordinal="1" offset="1" sl="78" sc="4" el="78" ec="58" bec="4" bev="0" fileid="1" />
                <SequencePoint vc="0" uspid="60" ordinal="2" offset="26" sl="79" sc="4" el="79" ec="5" bec="0" bev="0" fileid="1" />
                <SequencePoint vc="0" uspid="61" ordinal="3" offset="27" sl="80" sc="5" el="80" ec="49" bec="0" bev="0" fileid="1" />
                <SequencePoint vc="0" uspid="62" ordinal="4" offset="38" sl="81" sc="5" el="81" ec="18" bec="0" bev="0" fileid="1" />
                <SequencePoint vc="0" uspid="63" ordinal="5" offset="42" sl="85" sc="4" el="85" ec="57" bec="4" bev="0" fileid="1" />
                <SequencePoint vc="0" uspid="64" ordinal="6" offset="67" sl="86" sc="4" el="86" ec="5" bec="0" bev="0" fileid="1" />
                <SequencePoint vc="0" uspid="65" ordinal="7" offset="68" sl="87" sc="5" el="87" ec="41" bec="0" bev="0" fileid="1" />
                <SequencePoint vc="0" uspid="66" ordinal="8" offset="79" sl="88" sc="5" el="88" ec="18" bec="0" bev="0" fileid="1" />
                <SequencePoint vc="0" uspid="67" ordinal="9" offset="83" sl="92" sc="4" el="92" ec="86" bec="5" bev="0" fileid="1" />
                <SequencePoint vc="0" uspid="68" ordinal="10" offset="113" sl="93" sc="4" el="93" ec="5" bec="0" bev="0" fileid="1" />
                <SequencePoint vc="0" uspid="69" ordinal="11" offset="114" sl="94" sc="5" el="94" ec="46" bec="0" bev="0" fileid="1" />
                <SequencePoint vc="0" uspid="70" ordinal="12" offset="125" sl="95" sc="5" el="95" ec="18" bec="0" bev="0" fileid="1" />
                <SequencePoint vc="0" uspid="71" ordinal="13" offset="129" sl="100" sc="4" el="100" ec="16" bec="0" bev="0" fileid="1" />
                <SequencePoint vc="0" uspid="72" ordinal="14" offset="133" sl="101" sc="3" el="101" ec="4" bec="0" bev="0" fileid="1" />
              </SequencePoints>
              <BranchPoints>
                <BranchPoint vc="0" uspid="73" ordinal="0" offset="7" path="0" offsetchain="" offsetend="9" />
                <BranchPoint vc="0" uspid="74" ordinal="1" offset="7" path="1" offsetchain="" offsetend="20" />
                <BranchPoint vc="0" uspid="75" ordinal="2" offset="24" path="0" offsetchain="" offsetend="26" />
                <BranchPoint vc="0" uspid="76" ordinal="3" offset="24" path="1" offsetchain="" offsetend="42" />
                <BranchPoint vc="0" uspid="77" ordinal="4" offset="48" path="0" offsetchain="" offsetend="50" />
                <BranchPoint vc="0" uspid="78" ordinal="5" offset="48" path="1" offsetchain="" offsetend="61" />
                <BranchPoint vc="0" uspid="79" ordinal="6" offset="65" path="0" offsetchain="" offsetend="67" />
                <BranchPoint vc="0" uspid="80" ordinal="7" offset="65" path="1" offsetchain="" offsetend="83" />
                <BranchPoint vc="0" uspid="81" ordinal="8" offset="89" path="0" offsetchain="" offsetend="91" />
                <BranchPoint vc="0" uspid="82" ordinal="9" offset="89" path="1" offsetchain="" offsetend="99" />
                <BranchPoint vc="0" uspid="83" ordinal="10" offset="97" path="0" offsetchain="" offsetend="99" />
                <BranchPoint vc="0" uspid="84" ordinal="11" offset="97" path="1" offsetchain="" offsetend="107" />
                <BranchPoint vc="0" uspid="85" ordinal="12" offset="111" path="0" offsetchain="" offsetend="113" />
                <BranchPoint vc="0" uspid="86" ordinal="13" offset="111" path="1" offsetchain="" offsetend="129" />
              </BranchPoints>
              <MethodPoint xsi:type="SequencePoint" vc="0" uspid="58" ordinal="0" offset="0" sl="76" sc="3" el="76" ec="4" bec="0" bev="0" fileid="1" />
            </Method>
            <Method visited="false" cyclomaticComplexity="3" sequenceCoverage="0" branchCoverage="0" isConstructor="false" isStatic="false" isGetter="false" isSetter="false">
              <Summary numSequencePoints="11" visitedSequencePoints="0" numBranchPoints="5" visitedBranchPoints="0" sequenceCoverage="0" branchCoverage="0" maxCyclomaticComplexity="3" minCyclomaticComplexity="3" />
              <MetadataToken>100663302</MetadataToken>
              <Name>System.Boolean nurl.parse.myParser::getCommandLineExiste()</Name>
              <FileRef uid="1" />
              <SequencePoints>
                <SequencePoint vc="0" uspid="87" ordinal="0" offset="0" sl="103" sc="37" el="103" ec="38" bec="0" bev="0" fileid="1" />
                <SequencePoint vc="0" uspid="88" ordinal="1" offset="1" sl="106" sc="4" el="106" ec="11" bec="0" bev="0" fileid="1" />
                <SequencePoint vc="0" uspid="89" ordinal="2" offset="2" sl="106" sc="31" el="106" ec="34" bec="0" bev="0" fileid="1" />
                <SequencePoint vc="0" uspid="90" ordinal="3" offset="13" sl="106" sc="12" el="106" ec="27" bec="0" bev="0" fileid="1" />
                <SequencePoint vc="0" uspid="91" ordinal="4" offset="17" sl="107" sc="4" el="107" ec="5" bec="0" bev="0" fileid="1" />
                <SequencePoint vc="0" uspid="92" ordinal="5" offset="18" sl="108" sc="5" el="108" ec="31" bec="2" bev="0" fileid="1" />
                <SequencePoint vc="0" uspid="93" ordinal="6" offset="38" sl="109" sc="6" el="109" ec="19" bec="0" bev="0" fileid="1" />
                <SequencePoint vc="0" uspid="94" ordinal="7" offset="42" sl="110" sc="4" el="110" ec="5" bec="0" bev="0" fileid="1" />
                <SequencePoint vc="0" uspid="95" ordinal="8" offset="47" sl="106" sc="28" el="106" ec="30" bec="2" bev="0" fileid="1" />
                <SequencePoint vc="0" uspid="96" ordinal="9" offset="59" sl="112" sc="4" el="112" ec="17" bec="0" bev="0" fileid="1" />
                <SequencePoint vc="0" uspid="97" ordinal="10" offset="64" sl="113" sc="3" el="113" ec="4" bec="0" bev="0" fileid="1" />
              </SequencePoints>
              <BranchPoints>
                <BranchPoint vc="0" uspid="98" ordinal="0" offset="36" path="0" offsetchain="" offsetend="38" />
                <BranchPoint vc="0" uspid="99" ordinal="1" offset="36" path="1" offsetchain="" offsetend="42" />
                <BranchPoint vc="0" uspid="100" ordinal="2" offset="57" path="0" offsetchain="" offsetend="59" />
                <BranchPoint vc="0" uspid="101" ordinal="3" offset="57" path="1" offsetchain="" offsetend="13" />
              </BranchPoints>
              <MethodPoint xsi:type="SequencePoint" vc="0" uspid="87" ordinal="0" offset="0" sl="103" sc="37" el="103" ec="38" bec="0" bev="0" fileid="1" />
            </Method>
            <Method visited="false" cyclomaticComplexity="3" sequenceCoverage="0" branchCoverage="0" isConstructor="false" isStatic="false" isGetter="false" isSetter="false">
              <Summary numSequencePoints="11" visitedSequencePoints="0" numBranchPoints="5" visitedBranchPoints="0" sequenceCoverage="0" branchCoverage="0" maxCyclomaticComplexity="3" minCyclomaticComplexity="3" />
              <MetadataToken>100663303</MetadataToken>
              <Name>System.Boolean nurl.parse.myParser::urlCommandLineExiste()</Name>
              <FileRef uid="1" />
              <SequencePoints>
                <SequencePoint vc="0" uspid="102" ordinal="0" offset="0" sl="115" sc="37" el="115" ec="38" bec="0" bev="0" fileid="1" />
                <SequencePoint vc="0" uspid="103" ordinal="1" offset="1" sl="116" sc="4" el="116" ec="11" bec="0" bev="0" fileid="1" />
                <SequencePoint vc="0" uspid="104" ordinal="2" offset="2" sl="116" sc="31" el="116" ec="34" bec="0" bev="0" fileid="1" />
                <SequencePoint vc="0" uspid="105" ordinal="3" offset="13" sl="116" sc="12" el="116" ec="27" bec="0" bev="0" fileid="1" />
                <SequencePoint vc="0" uspid="106" ordinal="4" offset="17" sl="117" sc="4" el="117" ec="5" bec="0" bev="0" fileid="1" />
                <SequencePoint vc="0" uspid="107" ordinal="5" offset="18" sl="118" sc="5" el="118" ec="32" bec="2" bev="0" fileid="1" />
                <SequencePoint vc="0" uspid="108" ordinal="6" offset="38" sl="119" sc="6" el="119" ec="19" bec="0" bev="0" fileid="1" />
                <SequencePoint vc="0" uspid="109" ordinal="7" offset="42" sl="120" sc="4" el="120" ec="5" bec="0" bev="0" fileid="1" />
                <SequencePoint vc="0" uspid="110" ordinal="8" offset="47" sl="116" sc="28" el="116" ec="30" bec="2" bev="0" fileid="1" />
                <SequencePoint vc="0" uspid="111" ordinal="9" offset="59" sl="122" sc="4" el="122" ec="17" bec="0" bev="0" fileid="1" />
                <SequencePoint vc="0" uspid="112" ordinal="10" offset="64" sl="123" sc="3" el="123" ec="4" bec="0" bev="0" fileid="1" />
              </SequencePoints>
              <BranchPoints>
                <BranchPoint vc="0" uspid="113" ordinal="0" offset="36" path="0" offsetchain="" offsetend="38" />
                <BranchPoint vc="0" uspid="114" ordinal="1" offset="36" path="1" offsetchain="" offsetend="42" />
                <BranchPoint vc="0" uspid="115" ordinal="2" offset="57" path="0" offsetchain="" offsetend="59" />
                <BranchPoint vc="0" uspid="116" ordinal="3" offset="57" path="1" offsetchain="" offsetend="13" />
              </BranchPoints>
              <MethodPoint xsi:type="SequencePoint" vc="0" uspid="102" ordinal="0" offset="0" sl="115" sc="37" el="115" ec="38" bec="0" bev="0" fileid="1" />
            </Method>
            <Method visited="false" cyclomaticComplexity="3" sequenceCoverage="0" branchCoverage="0" isConstructor="false" isStatic="false" isGetter="false" isSetter="false">
              <Summary numSequencePoints="11" visitedSequencePoints="0" numBranchPoints="5" visitedBranchPoints="0" sequenceCoverage="0" branchCoverage="0" maxCyclomaticComplexity="3" minCyclomaticComplexity="3" />
              <MetadataToken>100663304</MetadataToken>
              <Name>System.Boolean nurl.parse.myParser::testCommandLineExiste()</Name>
              <FileRef uid="1" />
              <SequencePoints>
                <SequencePoint vc="0" uspid="117" ordinal="0" offset="0" sl="125" sc="38" el="125" ec="39" bec="0" bev="0" fileid="1" />
                <SequencePoint vc="0" uspid="118" ordinal="1" offset="1" sl="126" sc="4" el="126" ec="11" bec="0" bev="0" fileid="1" />
                <SequencePoint vc="0" uspid="119" ordinal="2" offset="2" sl="126" sc="31" el="126" ec="34" bec="0" bev="0" fileid="1" />
                <SequencePoint vc="0" uspid="120" ordinal="3" offset="13" sl="126" sc="12" el="126" ec="27" bec="0" bev="0" fileid="1" />
                <SequencePoint vc="0" uspid="121" ordinal="4" offset="17" sl="127" sc="4" el="127" ec="5" bec="0" bev="0" fileid="1" />
                <SequencePoint vc="0" uspid="122" ordinal="5" offset="18" sl="128" sc="5" el="128" ec="32" bec="2" bev="0" fileid="1" />
                <SequencePoint vc="0" uspid="123" ordinal="6" offset="38" sl="129" sc="6" el="129" ec="19" bec="0" bev="0" fileid="1" />
                <SequencePoint vc="0" uspid="124" ordinal="7" offset="42" sl="130" sc="4" el="130" ec="5" bec="0" bev="0" fileid="1" />
                <SequencePoint vc="0" uspid="125" ordinal="8" offset="47" sl="126" sc="28" el="126" ec="30" bec="2" bev="0" fileid="1" />
                <SequencePoint vc="0" uspid="126" ordinal="9" offset="59" sl="132" sc="4" el="132" ec="17" bec="0" bev="0" fileid="1" />
                <SequencePoint vc="0" uspid="127" ordinal="10" offset="64" sl="133" sc="3" el="133" ec="4" bec="0" bev="0" fileid="1" />
              </SequencePoints>
              <BranchPoints>
                <BranchPoint vc="0" uspid="128" ordinal="0" offset="36" path="0" offsetchain="" offsetend="38" />
                <BranchPoint vc="0" uspid="129" ordinal="1" offset="36" path="1" offsetchain="" offsetend="42" />
                <BranchPoint vc="0" uspid="130" ordinal="2" offset="57" path="0" offsetchain="" offsetend="59" />
                <BranchPoint vc="0" uspid="131" ordinal="3" offset="57" path="1" offsetchain="" offsetend="13" />
              </BranchPoints>
              <MethodPoint xsi:type="SequencePoint" vc="0" uspid="117" ordinal="0" offset="0" sl="125" sc="38" el="125" ec="39" bec="0" bev="0" fileid="1" />
            </Method>
            <Method visited="false" cyclomaticComplexity="3" sequenceCoverage="0" branchCoverage="0" isConstructor="false" isStatic="false" isGetter="false" isSetter="false">
              <Summary numSequencePoints="11" visitedSequencePoints="0" numBranchPoints="5" visitedBranchPoints="0" sequenceCoverage="0" branchCoverage="0" maxCyclomaticComplexity="3" minCyclomaticComplexity="3" />
              <MetadataToken>100663305</MetadataToken>
              <Name>System.Boolean nurl.parse.myParser::saveCommandLineExiste()</Name>
              <FileRef uid="1" />
              <SequencePoints>
                <SequencePoint vc="0" uspid="132" ordinal="0" offset="0" sl="135" sc="38" el="135" ec="39" bec="0" bev="0" fileid="1" />
                <SequencePoint vc="0" uspid="133" ordinal="1" offset="1" sl="136" sc="4" el="136" ec="11" bec="0" bev="0" fileid="1" />
                <SequencePoint vc="0" uspid="134" ordinal="2" offset="2" sl="136" sc="31" el="136" ec="34" bec="0" bev="0" fileid="1" />
                <SequencePoint vc="0" uspid="135" ordinal="3" offset="13" sl="136" sc="12" el="136" ec="27" bec="0" bev="0" fileid="1" />
                <SequencePoint vc="0" uspid="136" ordinal="4" offset="17" sl="137" sc="4" el="137" ec="5" bec="0" bev="0" fileid="1" />
                <SequencePoint vc="0" uspid="137" ordinal="5" offset="18" sl="138" sc="5" el="138" ec="33" bec="2" bev="0" fileid="1" />
                <SequencePoint vc="0" uspid="138" ordinal="6" offset="38" sl="139" sc="6" el="139" ec="19" bec="0" bev="0" fileid="1" />
                <SequencePoint vc="0" uspid="139" ordinal="7" offset="42" sl="140" sc="4" el="140" ec="5" bec="0" bev="0" fileid="1" />
                <SequencePoint vc="0" uspid="140" ordinal="8" offset="47" sl="136" sc="28" el="136" ec="30" bec="2" bev="0" fileid="1" />
                <SequencePoint vc="0" uspid="141" ordinal="9" offset="59" sl="142" sc="4" el="142" ec="17" bec="0" bev="0" fileid="1" />
                <SequencePoint vc="0" uspid="142" ordinal="10" offset="64" sl="143" sc="3" el="143" ec="4" bec="0" bev="0" fileid="1" />
              </SequencePoints>
              <BranchPoints>
                <BranchPoint vc="0" uspid="143" ordinal="0" offset="36" path="0" offsetchain="" offsetend="38" />
                <BranchPoint vc="0" uspid="144" ordinal="1" offset="36" path="1" offsetchain="" offsetend="42" />
                <BranchPoint vc="0" uspid="145" ordinal="2" offset="57" path="0" offsetchain="" offsetend="59" />
                <BranchPoint vc="0" uspid="146" ordinal="3" offset="57" path="1" offsetchain="" offsetend="13" />
              </BranchPoints>
              <MethodPoint xsi:type="SequencePoint" vc="0" uspid="132" ordinal="0" offset="0" sl="135" sc="38" el="135" ec="39" bec="0" bev="0" fileid="1" />
            </Method>
            <Method visited="false" cyclomaticComplexity="3" sequenceCoverage="0" branchCoverage="0" isConstructor="false" isStatic="false" isGetter="false" isSetter="false">
              <Summary numSequencePoints="11" visitedSequencePoints="0" numBranchPoints="5" visitedBranchPoints="0" sequenceCoverage="0" branchCoverage="0" maxCyclomaticComplexity="3" minCyclomaticComplexity="3" />
              <MetadataToken>100663306</MetadataToken>
              <Name>System.Boolean nurl.parse.myParser::timesCommandLineExiste()</Name>
              <FileRef uid="1" />
              <SequencePoints>
                <SequencePoint vc="0" uspid="147" ordinal="0" offset="0" sl="145" sc="39" el="145" ec="40" bec="0" bev="0" fileid="1" />
                <SequencePoint vc="0" uspid="148" ordinal="1" offset="1" sl="146" sc="4" el="146" ec="11" bec="0" bev="0" fileid="1" />
                <SequencePoint vc="0" uspid="149" ordinal="2" offset="2" sl="146" sc="31" el="146" ec="34" bec="0" bev="0" fileid="1" />
                <SequencePoint vc="0" uspid="150" ordinal="3" offset="13" sl="146" sc="12" el="146" ec="27" bec="0" bev="0" fileid="1" />
                <SequencePoint vc="0" uspid="151" ordinal="4" offset="17" sl="147" sc="4" el="147" ec="5" bec="0" bev="0" fileid="1" />
                <SequencePoint vc="0" uspid="152" ordinal="5" offset="18" sl="148" sc="5" el="148" ec="34" bec="2" bev="0" fileid="1" />
                <SequencePoint vc="0" uspid="153" ordinal="6" offset="38" sl="149" sc="6" el="149" ec="19" bec="0" bev="0" fileid="1" />
                <SequencePoint vc="0" uspid="154" ordinal="7" offset="42" sl="150" sc="4" el="150" ec="5" bec="0" bev="0" fileid="1" />
                <SequencePoint vc="0" uspid="155" ordinal="8" offset="47" sl="146" sc="28" el="146" ec="30" bec="2" bev="0" fileid="1" />
                <SequencePoint vc="0" uspid="156" ordinal="9" offset="59" sl="152" sc="4" el="152" ec="17" bec="0" bev="0" fileid="1" />
                <SequencePoint vc="0" uspid="157" ordinal="10" offset="64" sl="153" sc="3" el="153" ec="4" bec="0" bev="0" fileid="1" />
              </SequencePoints>
              <BranchPoints>
                <BranchPoint vc="0" uspid="158" ordinal="0" offset="36" path="0" offsetchain="" offsetend="38" />
                <BranchPoint vc="0" uspid="159" ordinal="1" offset="36" path="1" offsetchain="" offsetend="42" />
                <BranchPoint vc="0" uspid="160" ordinal="2" offset="57" path="0" offsetchain="" offsetend="59" />
                <BranchPoint vc="0" uspid="161" ordinal="3" offset="57" path="1" offsetchain="" offsetend="13" />
              </BranchPoints>
              <MethodPoint xsi:type="SequencePoint" vc="0" uspid="147" ordinal="0" offset="0" sl="145" sc="39" el="145" ec="40" bec="0" bev="0" fileid="1" />
            </Method>
          </Methods>
        </Class>
        <Class>
          <Summary numSequencePoints="6" visitedSequencePoints="0" numBranchPoints="1" visitedBranchPoints="0" sequenceCoverage="0" branchCoverage="0" maxCyclomaticComplexity="1" minCyclomaticComplexity="1" />
          <FullName>nurl.parse.Option</FullName>
          <Methods>
            <Method visited="false" cyclomaticComplexity="1" sequenceCoverage="0" branchCoverage="0" isConstructor="false" isStatic="false" isGetter="true" isSetter="false">
              <Summary numSequencePoints="0" visitedSequencePoints="0" numBranchPoints="0" visitedBranchPoints="0" sequenceCoverage="0" branchCoverage="0" maxCyclomaticComplexity="1" minCyclomaticComplexity="1" />
              <MetadataToken>100663307</MetadataToken>
              <Name>System.String nurl.parse.Option::get_InputFile()</Name>
              <SequencePoints />
              <BranchPoints />
              <MethodPoint vc="0" uspid="162" ordinal="0" offset="0" />
            </Method>
            <Method visited="false" cyclomaticComplexity="1" sequenceCoverage="0" branchCoverage="0" isConstructor="false" isStatic="false" isGetter="false" isSetter="true">
              <Summary numSequencePoints="0" visitedSequencePoints="0" numBranchPoints="0" visitedBranchPoints="0" sequenceCoverage="0" branchCoverage="0" maxCyclomaticComplexity="1" minCyclomaticComplexity="1" />
              <MetadataToken>100663308</MetadataToken>
              <Name>System.Void nurl.parse.Option::set_InputFile(System.String)</Name>
              <SequencePoints />
              <BranchPoints />
              <MethodPoint vc="0" uspid="163" ordinal="0" offset="0" />
            </Method>
            <Method visited="false" cyclomaticComplexity="1" sequenceCoverage="0" branchCoverage="0" isConstructor="false" isStatic="false" isGetter="true" isSetter="false">
              <Summary numSequencePoints="0" visitedSequencePoints="0" numBranchPoints="0" visitedBranchPoints="0" sequenceCoverage="0" branchCoverage="0" maxCyclomaticComplexity="1" minCyclomaticComplexity="1" />
              <MetadataToken>100663309</MetadataToken>
              <Name>System.Int32 nurl.parse.Option::get_MaximumLenght()</Name>
              <SequencePoints />
              <BranchPoints />
              <MethodPoint vc="0" uspid="164" ordinal="0" offset="0" />
            </Method>
            <Method visited="false" cyclomaticComplexity="1" sequenceCoverage="0" branchCoverage="0" isConstructor="false" isStatic="false" isGetter="false" isSetter="true">
              <Summary numSequencePoints="0" visitedSequencePoints="0" numBranchPoints="0" visitedBranchPoints="0" sequenceCoverage="0" branchCoverage="0" maxCyclomaticComplexity="1" minCyclomaticComplexity="1" />
              <MetadataToken>100663310</MetadataToken>
              <Name>System.Void nurl.parse.Option::set_MaximumLenght(System.Int32)</Name>
              <SequencePoints />
              <BranchPoints />
              <MethodPoint vc="0" uspid="165" ordinal="0" offset="0" />
            </Method>
            <Method visited="false" cyclomaticComplexity="1" sequenceCoverage="0" branchCoverage="0" isConstructor="false" isStatic="false" isGetter="true" isSetter="false">
              <Summary numSequencePoints="0" visitedSequencePoints="0" numBranchPoints="0" visitedBranchPoints="0" sequenceCoverage="0" branchCoverage="0" maxCyclomaticComplexity="1" minCyclomaticComplexity="1" />
              <MetadataToken>100663311</MetadataToken>
              <Name>System.Boolean nurl.parse.Option::get_getMode()</Name>
              <SequencePoints />
              <BranchPoints />
              <MethodPoint vc="0" uspid="166" ordinal="0" offset="0" />
            </Method>
            <Method visited="false" cyclomaticComplexity="1" sequenceCoverage="0" branchCoverage="0" isConstructor="false" isStatic="false" isGetter="false" isSetter="true">
              <Summary numSequencePoints="0" visitedSequencePoints="0" numBranchPoints="0" visitedBranchPoints="0" sequenceCoverage="0" branchCoverage="0" maxCyclomaticComplexity="1" minCyclomaticComplexity="1" />
              <MetadataToken>100663312</MetadataToken>
              <Name>System.Void nurl.parse.Option::set_getMode(System.Boolean)</Name>
              <SequencePoints />
              <BranchPoints />
              <MethodPoint vc="0" uspid="167" ordinal="0" offset="0" />
            </Method>
            <Method visited="false" cyclomaticComplexity="1" sequenceCoverage="0" branchCoverage="0" isConstructor="false" isStatic="false" isGetter="true" isSetter="false">
              <Summary numSequencePoints="0" visitedSequencePoints="0" numBranchPoints="0" visitedBranchPoints="0" sequenceCoverage="0" branchCoverage="0" maxCyclomaticComplexity="1" minCyclomaticComplexity="1" />
              <MetadataToken>100663313</MetadataToken>
              <Name>System.Boolean nurl.parse.Option::get_urlMode()</Name>
              <SequencePoints />
              <BranchPoints />
              <MethodPoint vc="0" uspid="168" ordinal="0" offset="0" />
            </Method>
            <Method visited="false" cyclomaticComplexity="1" sequenceCoverage="0" branchCoverage="0" isConstructor="false" isStatic="false" isGetter="false" isSetter="true">
              <Summary numSequencePoints="0" visitedSequencePoints="0" numBranchPoints="0" visitedBranchPoints="0" sequenceCoverage="0" branchCoverage="0" maxCyclomaticComplexity="1" minCyclomaticComplexity="1" />
              <MetadataToken>100663314</MetadataToken>
              <Name>System.Void nurl.parse.Option::set_urlMode(System.Boolean)</Name>
              <SequencePoints />
              <BranchPoints />
              <MethodPoint vc="0" uspid="169" ordinal="0" offset="0" />
            </Method>
            <Method visited="false" cyclomaticComplexity="1" sequenceCoverage="0" branchCoverage="0" isConstructor="false" isStatic="false" isGetter="false" isSetter="false">
              <Summary numSequencePoints="6" visitedSequencePoints="0" numBranchPoints="1" visitedBranchPoints="0" sequenceCoverage="0" branchCoverage="0" maxCyclomaticComplexity="1" minCyclomaticComplexity="1" />
              <MetadataToken>100663315</MetadataToken>
              <Name>System.String nurl.parse.Option::GetUsage()</Name>
              <FileRef uid="2" />
              <SequencePoints>
                <SequencePoint vc="0" uspid="170" ordinal="0" offset="0" sl="36" sc="5" el="36" ec="6" bec="0" bev="0" fileid="2" />
                <SequencePoint vc="0" uspid="171" ordinal="1" offset="1" sl="38" sc="7" el="38" ec="39" bec="0" bev="0" fileid="2" />
                <SequencePoint vc="0" uspid="172" ordinal="2" offset="7" sl="39" sc="7" el="39" ec="54" bec="0" bev="0" fileid="2" />
                <SequencePoint vc="0" uspid="173" ordinal="3" offset="19" sl="40" sc="7" el="40" ec="70" bec="0" bev="0" fileid="2" />
                <SequencePoint vc="0" uspid="174" ordinal="4" offset="31" sl="41" sc="7" el="41" ec="31" bec="0" bev="0" fileid="2" />
                <SequencePoint vc="0" uspid="175" ordinal="5" offset="40" sl="42" sc="5" el="42" ec="6" bec="0" bev="0" fileid="2" />
              </SequencePoints>
              <BranchPoints />
              <MethodPoint xsi:type="SequencePoint" vc="0" uspid="170" ordinal="0" offset="0" sl="36" sc="5" el="36" ec="6" bec="0" bev="0" fileid="2" />
            </Method>
            <Method visited="false" cyclomaticComplexity="1" sequenceCoverage="0" branchCoverage="0" isConstructor="true" isStatic="false" isGetter="false" isSetter="false">
              <Summary numSequencePoints="0" visitedSequencePoints="0" numBranchPoints="0" visitedBranchPoints="0" sequenceCoverage="0" branchCoverage="0" maxCyclomaticComplexity="1" minCyclomaticComplexity="1" />
              <MetadataToken>100663316</MetadataToken>
              <Name>System.Void nurl.parse.Option::.ctor()</Name>
              <SequencePoints />
              <BranchPoints />
              <MethodPoint vc="0" uspid="176" ordinal="0" offset="0" />
            </Method>
          </Methods>
        </Class>
        <Class>
          <Summary numSequencePoints="8" visitedSequencePoints="0" numBranchPoints="1" visitedBranchPoints="0" sequenceCoverage="0" branchCoverage="0" maxCyclomaticComplexity="1" minCyclomaticComplexity="1" />
          <FullName>nurl.Program</FullName>
          <Methods>
            <Method visited="false" cyclomaticComplexity="1" sequenceCoverage="0" branchCoverage="0" isConstructor="false" isStatic="true" isGetter="false" isSetter="false">
              <Summary numSequencePoints="8" visitedSequencePoints="0" numBranchPoints="1" visitedBranchPoints="0" sequenceCoverage="0" branchCoverage="0" maxCyclomaticComplexity="1" minCyclomaticComplexity="1" />
              <MetadataToken>100663317</MetadataToken>
              <Name>System.Void nurl.Program::Main(System.String[])</Name>
              <FileRef uid="3" />
              <SequencePoints>
                <SequencePoint vc="0" uspid="177" ordinal="0" offset="0" sl="20" sc="3" el="20" ec="4" bec="0" bev="0" fileid="3" />
                <SequencePoint vc="0" uspid="178" ordinal="1" offset="1" sl="21" sc="4" el="21" ec="40" bec="0" bev="0" fileid="3" />
                <SequencePoint vc="0" uspid="179" ordinal="2" offset="8" sl="22" sc="4" el="22" ec="22" bec="0" bev="0" fileid="3" />
                <SequencePoint vc="0" uspid="180" ordinal="3" offset="15" sl="24" sc="4" el="24" ec="58" bec="0" bev="0" fileid="3" />
                <SequencePoint vc="0" uspid="181" ordinal="4" offset="32" sl="25" sc="4" el="25" ec="65" bec="0" bev="0" fileid="3" />
                <SequencePoint vc="0" uspid="182" ordinal="5" offset="49" sl="27" sc="4" el="27" ec="54" bec="0" bev="0" fileid="3" />
                <SequencePoint vc="0" uspid="183" ordinal="6" offset="60" sl="28" sc="4" el="28" ec="26" bec="0" bev="0" fileid="3" />
                <SequencePoint vc="0" uspid="184" ordinal="7" offset="67" sl="29" sc="3" el="29" ec="4" bec="0" bev="0" fileid="3" />
              </SequencePoints>
              <BranchPoints />
              <MethodPoint xsi:type="SequencePoint" vc="0" uspid="177" ordinal="0" offset="0" sl="20" sc="3" el="20" ec="4" bec="0" bev="0" fileid="3" />
            </Method>
            <Method visited="false" cyclomaticComplexity="1" sequenceCoverage="0" branchCoverage="0" isConstructor="true" isStatic="false" isGetter="false" isSetter="false">
              <Summary numSequencePoints="0" visitedSequencePoints="0" numBranchPoints="0" visitedBranchPoints="0" sequenceCoverage="0" branchCoverage="0" maxCyclomaticComplexity="1" minCyclomaticComplexity="1" />
              <MetadataToken>100663318</MetadataToken>
              <Name>System.Void nurl.Program::.ctor()</Name>
              <SequencePoints />
              <BranchPoints />
              <MethodPoint vc="0" uspid="185" ordinal="0" offset="0" />
            </Method>
          </Methods>
        </Class>
        <Class>
          <Summary numSequencePoints="16" visitedSequencePoints="5" numBranchPoints="3" visitedBranchPoints="1" sequenceCoverage="31.25" branchCoverage="33.33" maxCyclomaticComplexity="1" minCyclomaticComplexity="1" />
          <FullName>nurl.Test.TestGet</FullName>
          <Methods>
            <Method visited="false" cyclomaticComplexity="1" sequenceCoverage="0" branchCoverage="0" isConstructor="false" isStatic="false" isGetter="false" isSetter="false">
              <Summary numSequencePoints="5" visitedSequencePoints="0" numBranchPoints="1" visitedBranchPoints="0" sequenceCoverage="0" branchCoverage="0" maxCyclomaticComplexity="1" minCyclomaticComplexity="1" />
              <MetadataToken>100663319</MetadataToken>
              <Name>System.Void nurl.Test.TestGet::Get_the_content_of_a_page(System.Int32,System.String,System.String,System.Boolean)</Name>
              <FileRef uid="4" />
              <SequencePoints>
                <SequencePoint vc="0" uspid="186" ordinal="0" offset="0" sl="22" sc="3" el="22" ec="4" bec="0" bev="0" fileid="4" />
                <SequencePoint vc="0" uspid="187" ordinal="1" offset="1" sl="23" sc="4" el="23" ec="52" bec="0" bev="0" fileid="4" />
                <SequencePoint vc="0" uspid="188" ordinal="2" offset="13" sl="24" sc="4" el="24" ec="53" bec="0" bev="0" fileid="4" />
                <SequencePoint vc="0" uspid="189" ordinal="3" offset="20" sl="25" sc="7" el="25" ec="59" bec="0" bev="0" fileid="4" />
                <SequencePoint vc="0" uspid="190" ordinal="4" offset="45" sl="26" sc="3" el="26" ec="4" bec="0" bev="0" fileid="4" />
              </SequencePoints>
              <BranchPoints />
              <MethodPoint xsi:type="SequencePoint" vc="0" uspid="186" ordinal="0" offset="0" sl="22" sc="3" el="22" ec="4" bec="0" bev="0" fileid="4" />
            </Method>
            <Method visited="false" cyclomaticComplexity="1" sequenceCoverage="0" branchCoverage="0" isConstructor="false" isStatic="false" isGetter="false" isSetter="false">
              <Summary numSequencePoints="6" visitedSequencePoints="0" numBranchPoints="1" visitedBranchPoints="0" sequenceCoverage="0" branchCoverage="0" maxCyclomaticComplexity="1" minCyclomaticComplexity="1" />
              <MetadataToken>100663320</MetadataToken>
              <Name>System.Void nurl.Test.TestGet::Save_the_content_in_page(System.Int32,System.String,System.String)</Name>
              <FileRef uid="4" />
              <SequencePoints>
                <SequencePoint vc="0" uspid="191" ordinal="0" offset="0" sl="31" sc="3" el="31" ec="4" bec="0" bev="0" fileid="4" />
                <SequencePoint vc="0" uspid="192" ordinal="1" offset="1" sl="33" sc="4" el="33" ec="54" bec="0" bev="0" fileid="4" />
                <SequencePoint vc="0" uspid="193" ordinal="2" offset="9" sl="34" sc="4" el="34" ec="53" bec="0" bev="0" fileid="4" />
                <SequencePoint vc="0" uspid="194" ordinal="3" offset="16" sl="35" sc="4" el="35" ec="59" bec="0" bev="0" fileid="4" />
                <SequencePoint vc="0" uspid="195" ordinal="4" offset="24" sl="38" sc="4" el="38" ec="26" bec="0" bev="0" fileid="4" />
                <SequencePoint vc="0" uspid="196" ordinal="5" offset="31" sl="39" sc="3" el="39" ec="4" bec="0" bev="0" fileid="4" />
              </SequencePoints>
              <BranchPoints />
              <MethodPoint xsi:type="SequencePoint" vc="0" uspid="191" ordinal="0" offset="0" sl="31" sc="3" el="31" ec="4" bec="0" bev="0" fileid="4" />
            </Method>
            <Method visited="true" cyclomaticComplexity="1" sequenceCoverage="100" branchCoverage="100" isConstructor="false" isStatic="false" isGetter="false" isSetter="false">
              <Summary numSequencePoints="5" visitedSequencePoints="5" numBranchPoints="1" visitedBranchPoints="1" sequenceCoverage="100" branchCoverage="100" maxCyclomaticComplexity="1" minCyclomaticComplexity="1" />
              <MetadataToken>100663321</MetadataToken>
              <Name>System.Void nurl.Test.TestGet::TestGetTimer(System.Int32,System.String,System.Int32)</Name>
              <FileRef uid="4" />
              <SequencePoints>
                <SequencePoint vc="1" uspid="197" ordinal="0" offset="0" sl="44" sc="3" el="44" ec="4" bec="0" bev="0" fileid="4" />
                <SequencePoint vc="1" uspid="198" ordinal="1" offset="1" sl="46" sc="4" el="46" ec="50" bec="0" bev="0" fileid="4" />
                <SequencePoint vc="1" uspid="199" ordinal="2" offset="13" sl="47" sc="4" el="47" ec="61" bec="0" bev="0" fileid="4" />
                <SequencePoint vc="1" uspid="200" ordinal="3" offset="21" sl="49" sc="4" el="49" ec="50" bec="0" bev="0" fileid="4" />
                <SequencePoint vc="1" uspid="201" ordinal="4" offset="38" sl="51" sc="3" el="51" ec="4" bec="0" bev="0" fileid="4" />
              </SequencePoints>
              <BranchPoints />
              <MethodPoint xsi:type="SequencePoint" vc="1" uspid="197" ordinal="0" offset="0" sl="44" sc="3" el="44" ec="4" bec="0" bev="0" fileid="4" />
            </Method>
            <Method visited="true" cyclomaticComplexity="1" sequenceCoverage="0" branchCoverage="0" isConstructor="true" isStatic="false" isGetter="false" isSetter="false">
              <Summary numSequencePoints="0" visitedSequencePoints="0" numBranchPoints="0" visitedBranchPoints="0" sequenceCoverage="0" branchCoverage="0" maxCyclomaticComplexity="1" minCyclomaticComplexity="1" />
              <MetadataToken>100663322</MetadataToken>
              <Name>System.Void nurl.Test.TestGet::.ctor()</Name>
              <SequencePoints />
              <BranchPoints />
              <MethodPoint vc="1" uspid="202" ordinal="0" offset="0" />
            </Method>
          </Methods>
        </Class>
        <Class>
          <Summary numSequencePoints="56" visitedSequencePoints="17" numBranchPoints="20" visitedBranchPoints="3" sequenceCoverage="30.36" branchCoverage="15" maxCyclomaticComplexity="5" minCyclomaticComplexity="1" />
          <FullName>nurl.Test.Processing</FullName>
          <Methods>
            <Method visited="true" cyclomaticComplexity="1" sequenceCoverage="100" branchCoverage="100" isConstructor="true" isStatic="false" isGetter="false" isSetter="false">
              <Summary numSequencePoints="5" visitedSequencePoints="5" numBranchPoints="1" visitedBranchPoints="1" sequenceCoverage="100" branchCoverage="100" maxCyclomaticComplexity="1" minCyclomaticComplexity="1" />
              <MetadataToken>100663323</MetadataToken>
              <Name>System.Void nurl.Test.Processing::.ctor(System.String,System.String)</Name>
              <FileRef uid="4" />
              <SequencePoints>
                <SequencePoint vc="1" uspid="203" ordinal="0" offset="0" sl="71" sc="3" el="71" ec="48" bec="0" bev="0" fileid="4" />
                <SequencePoint vc="1" uspid="204" ordinal="1" offset="7" sl="71" sc="48" el="71" ec="49" bec="0" bev="0" fileid="4" />
                <SequencePoint vc="1" uspid="205" ordinal="2" offset="8" sl="73" sc="4" el="73" ec="21" bec="0" bev="0" fileid="4" />
                <SequencePoint vc="1" uspid="206" ordinal="3" offset="15" sl="74" sc="4" el="74" ec="24" bec="0" bev="0" fileid="4" />
                <SequencePoint vc="1" uspid="207" ordinal="4" offset="22" sl="75" sc="3" el="75" ec="4" bec="0" bev="0" fileid="4" />
              </SequencePoints>
              <BranchPoints />
              <MethodPoint xsi:type="SequencePoint" vc="1" uspid="203" ordinal="0" offset="0" sl="71" sc="3" el="71" ec="48" bec="0" bev="0" fileid="4" />
            </Method>
            <Method visited="false" cyclomaticComplexity="3" sequenceCoverage="0" branchCoverage="0" isConstructor="true" isStatic="false" isGetter="false" isSetter="false">
              <Summary numSequencePoints="12" visitedSequencePoints="0" numBranchPoints="5" visitedBranchPoints="0" sequenceCoverage="0" branchCoverage="0" maxCyclomaticComplexity="3" minCyclomaticComplexity="3" />
              <MetadataToken>100663324</MetadataToken>
              <Name>System.Void nurl.Test.Processing::.ctor(nurl.Test.Parser)</Name>
              <FileRef uid="4" />
              <SequencePoints>
                <SequencePoint vc="0" uspid="208" ordinal="0" offset="0" sl="77" sc="3" el="77" ec="30" bec="0" bev="0" fileid="4" />
                <SequencePoint vc="0" uspid="209" ordinal="1" offset="7" sl="78" sc="3" el="78" ec="4" bec="0" bev="0" fileid="4" />
                <SequencePoint vc="0" uspid="210" ordinal="2" offset="8" sl="79" sc="4" el="79" ec="19" bec="0" bev="0" fileid="4" />
                <SequencePoint vc="0" uspid="211" ordinal="3" offset="20" sl="81" sc="4" el="81" ec="40" bec="2" bev="0" fileid="4" />
                <SequencePoint vc="0" uspid="212" ordinal="4" offset="35" sl="82" sc="4" el="82" ec="5" bec="0" bev="0" fileid="4" />
                <SequencePoint vc="0" uspid="213" ordinal="5" offset="36" sl="83" sc="5" el="83" ec="28" bec="0" bev="0" fileid="4" />
                <SequencePoint vc="0" uspid="214" ordinal="6" offset="48" sl="84" sc="4" el="84" ec="5" bec="0" bev="0" fileid="4" />
                <SequencePoint vc="0" uspid="215" ordinal="7" offset="49" sl="86" sc="4" el="86" ec="42" bec="2" bev="0" fileid="4" />
                <SequencePoint vc="0" uspid="216" ordinal="8" offset="64" sl="87" sc="4" el="87" ec="5" bec="0" bev="0" fileid="4" />
                <SequencePoint vc="0" uspid="217" ordinal="9" offset="65" sl="88" sc="5" el="88" ec="31" bec="0" bev="0" fileid="4" />
                <SequencePoint vc="0" uspid="218" ordinal="10" offset="77" sl="89" sc="4" el="89" ec="5" bec="0" bev="0" fileid="4" />
                <SequencePoint vc="0" uspid="219" ordinal="11" offset="78" sl="92" sc="3" el="92" ec="4" bec="0" bev="0" fileid="4" />
              </SequencePoints>
              <BranchPoints>
                <BranchPoint vc="0" uspid="220" ordinal="0" offset="33" path="0" offsetchain="" offsetend="35" />
                <BranchPoint vc="0" uspid="221" ordinal="1" offset="33" path="1" offsetchain="" offsetend="49" />
                <BranchPoint vc="0" uspid="222" ordinal="2" offset="62" path="0" offsetchain="" offsetend="64" />
                <BranchPoint vc="0" uspid="223" ordinal="3" offset="62" path="1" offsetchain="" offsetend="78" />
              </BranchPoints>
              <MethodPoint xsi:type="SequencePoint" vc="0" uspid="208" ordinal="0" offset="0" sl="77" sc="3" el="77" ec="30" bec="0" bev="0" fileid="4" />
            </Method>
            <Method visited="false" cyclomaticComplexity="5" sequenceCoverage="0" branchCoverage="0" isConstructor="false" isStatic="false" isGetter="false" isSetter="false">
              <Summary numSequencePoints="12" visitedSequencePoints="0" numBranchPoints="9" visitedBranchPoints="0" sequenceCoverage="0" branchCoverage="0" maxCyclomaticComplexity="5" minCyclomaticComplexity="5" />
              <MetadataToken>100663325</MetadataToken>
              <Name>System.String nurl.Test.Processing::getContentOfUrl()</Name>
              <FileRef uid="4" />
              <SequencePoints>
                <SequencePoint vc="0" uspid="224" ordinal="0" offset="0" sl="94" sc="35" el="94" ec="36" bec="0" bev="0" fileid="4" />
                <SequencePoint vc="0" uspid="225" ordinal="1" offset="1" sl="96" sc="4" el="96" ec="49" bec="0" bev="0" fileid="4" />
                <SequencePoint vc="0" uspid="226" ordinal="2" offset="13" sl="98" sc="11" el="98" ec="50" bec="0" bev="0" fileid="4" />
                <SequencePoint vc="0" uspid="227" ordinal="3" offset="20" sl="99" sc="10" el="99" ec="52" bec="0" bev="0" fileid="4" />
                <SequencePoint vc="0" uspid="228" ordinal="4" offset="27" sl="100" sc="10" el="100" ec="58" bec="0" bev="0" fileid="4" />
                <SequencePoint vc="0" uspid="229" ordinal="5" offset="34" sl="100" sc="59" el="100" ec="60" bec="0" bev="0" fileid="4" />
                <SequencePoint vc="0" uspid="230" ordinal="6" offset="35" sl="101" sc="8" el="101" ec="44" bec="0" bev="0" fileid="4" />
                <SequencePoint vc="0" uspid="231" ordinal="7" offset="43" sl="104" sc="5" el="104" ec="42" bec="2" bev="0" fileid="4" />
                <SequencePoint vc="0" uspid="232" ordinal="8" offset="59" sl="105" sc="5" el="105" ec="6" bec="0" bev="0" fileid="4" />
                <SequencePoint vc="0" uspid="233" ordinal="9" offset="60" sl="106" sc="6" el="106" ec="28" bec="0" bev="0" fileid="4" />
                <SequencePoint vc="0" uspid="234" ordinal="10" offset="69" sl="109" sc="5" el="109" ec="23" bec="6" bev="0" fileid="4" />
                <SequencePoint vc="0" uspid="235" ordinal="11" offset="130" sl="112" sc="3" el="112" ec="4" bec="0" bev="0" fileid="4" />
              </SequencePoints>
              <BranchPoints>
                <BranchPoint vc="0" uspid="236" ordinal="0" offset="57" path="0" offsetchain="" offsetend="59" />
                <BranchPoint vc="0" uspid="237" ordinal="1" offset="57" path="1" offsetchain="" offsetend="69" />
                <BranchPoint vc="0" uspid="238" ordinal="2" offset="83" path="0" offsetchain="" offsetend="85" />
                <BranchPoint vc="0" uspid="239" ordinal="3" offset="83" path="1" offsetchain="" offsetend="92" />
                <BranchPoint vc="0" uspid="240" ordinal="4" offset="101" path="0" offsetchain="" offsetend="103" />
                <BranchPoint vc="0" uspid="241" ordinal="5" offset="101" path="1" offsetchain="" offsetend="110" />
                <BranchPoint vc="0" uspid="242" ordinal="6" offset="119" path="0" offsetchain="" offsetend="121" />
                <BranchPoint vc="0" uspid="243" ordinal="7" offset="119" path="1" offsetchain="" offsetend="128" />
              </BranchPoints>
              <MethodPoint xsi:type="SequencePoint" vc="0" uspid="224" ordinal="0" offset="0" sl="94" sc="35" el="94" ec="36" bec="0" bev="0" fileid="4" />
            </Method>
            <Method visited="true" cyclomaticComplexity="2" sequenceCoverage="92.31" branchCoverage="66.67" isConstructor="false" isStatic="false" isGetter="false" isSetter="false">
              <Summary numSequencePoints="13" visitedSequencePoints="12" numBranchPoints="3" visitedBranchPoints="2" sequenceCoverage="92.31" branchCoverage="66.67" maxCyclomaticComplexity="2" minCyclomaticComplexity="2" />
              <MetadataToken>100663326</MetadataToken>
              <Name>System.TimeSpan nurl.Test.Processing::getTimeSpent(System.Int32)</Name>
              <FileRef uid="4" />
              <SequencePoints>
                <SequencePoint vc="1" uspid="244" ordinal="0" offset="0" sl="115" sc="3" el="115" ec="4" bec="0" bev="0" fileid="4" />
                <SequencePoint vc="1" uspid="245" ordinal="1" offset="1" sl="117" sc="8" el="117" ec="19" bec="0" bev="0" fileid="4" />
                <SequencePoint vc="1" uspid="246" ordinal="2" offset="5" sl="118" sc="4" el="118" ec="5" bec="0" bev="0" fileid="4" />
                <SequencePoint vc="1" uspid="247" ordinal="3" offset="6" sl="119" sc="5" el="119" ec="50" bec="0" bev="0" fileid="4" />
                <SequencePoint vc="1" uspid="248" ordinal="4" offset="18" sl="120" sc="5" el="120" ec="37" bec="0" bev="0" fileid="4" />
                <SequencePoint vc="1" uspid="249" ordinal="5" offset="24" sl="121" sc="5" el="121" ec="45" bec="0" bev="0" fileid="4" />
                <SequencePoint vc="1" uspid="250" ordinal="6" offset="31" sl="122" sc="5" el="122" ec="37" bec="0" bev="0" fileid="4" />
                <SequencePoint vc="1" uspid="251" ordinal="7" offset="38" sl="123" sc="5" el="123" ec="37" bec="0" bev="0" fileid="4" />
                <SequencePoint vc="1" uspid="252" ordinal="8" offset="48" sl="124" sc="5" el="124" ec="59" bec="0" bev="0" fileid="4" />
                <SequencePoint vc="1" uspid="253" ordinal="9" offset="71" sl="125" sc="5" el="125" ec="15" bec="0" bev="0" fileid="4" />
                <SequencePoint vc="1" uspid="254" ordinal="10" offset="77" sl="117" sc="20" el="117" ec="33" bec="2" bev="1" fileid="4" />
                <SequencePoint vc="0" uspid="255" ordinal="11" offset="90" sl="128" sc="4" el="128" ec="25" bec="0" bev="0" fileid="4" />
                <SequencePoint vc="1" uspid="256" ordinal="12" offset="99" sl="130" sc="3" el="130" ec="4" bec="0" bev="0" fileid="4" />
              </SequencePoints>
              <BranchPoints>
                <BranchPoint vc="0" uspid="257" ordinal="0" offset="88" path="0" offsetchain="" offsetend="90" />
                <BranchPoint vc="1" uspid="258" ordinal="1" offset="88" path="1" offsetchain="" offsetend="5" />
              </BranchPoints>
              <MethodPoint xsi:type="SequencePoint" vc="1" uspid="244" ordinal="0" offset="0" sl="115" sc="3" el="115" ec="4" bec="0" bev="0" fileid="4" />
            </Method>
            <Method visited="false" cyclomaticComplexity="1" sequenceCoverage="0" branchCoverage="0" isConstructor="false" isStatic="false" isGetter="false" isSetter="false">
              <Summary numSequencePoints="11" visitedSequencePoints="0" numBranchPoints="1" visitedBranchPoints="0" sequenceCoverage="0" branchCoverage="0" maxCyclomaticComplexity="1" minCyclomaticComplexity="1" />
              <MetadataToken>100663327</MetadataToken>
              <Name>System.Boolean nurl.Test.Processing::saveContentInFile(System.String)</Name>
              <FileRef uid="4" />
              <SequencePoints>
                <SequencePoint vc="0" uspid="259" ordinal="0" offset="0" sl="133" sc="3" el="133" ec="4" bec="0" bev="0" fileid="4" />
                <SequencePoint vc="0" uspid="260" ordinal="1" offset="1" sl="135" sc="4" el="135" ec="5" bec="0" bev="0" fileid="4" />
                <SequencePoint vc="0" uspid="261" ordinal="2" offset="2" sl="136" sc="5" el="136" ec="74" bec="0" bev="0" fileid="4" />
                <SequencePoint vc="0" uspid="262" ordinal="3" offset="14" sl="137" sc="5" el="137" ec="30" bec="0" bev="0" fileid="4" />
                <SequencePoint vc="0" uspid="263" ordinal="4" offset="22" sl="139" sc="5" el="139" ec="18" bec="0" bev="0" fileid="4" />
                <SequencePoint vc="0" uspid="264" ordinal="5" offset="29" sl="140" sc="5" el="140" ec="17" bec="0" bev="0" fileid="4" />
                <SequencePoint vc="0" uspid="265" ordinal="6" offset="33" sl="142" sc="4" el="142" ec="38" bec="0" bev="0" fileid="4" />
                <SequencePoint vc="0" uspid="266" ordinal="7" offset="34" sl="143" sc="4" el="143" ec="5" bec="0" bev="0" fileid="4" />
                <SequencePoint vc="0" uspid="267" ordinal="8" offset="35" sl="144" sc="5" el="144" ec="26" bec="0" bev="0" fileid="4" />
                <SequencePoint vc="0" uspid="268" ordinal="9" offset="42" sl="145" sc="5" el="145" ec="18" bec="0" bev="0" fileid="4" />
                <SequencePoint vc="0" uspid="269" ordinal="10" offset="47" sl="148" sc="3" el="148" ec="4" bec="0" bev="0" fileid="4" />
              </SequencePoints>
              <BranchPoints />
              <MethodPoint xsi:type="SequencePoint" vc="0" uspid="259" ordinal="0" offset="0" sl="133" sc="3" el="133" ec="4" bec="0" bev="0" fileid="4" />
            </Method>
            <Method visited="false" cyclomaticComplexity="1" sequenceCoverage="0" branchCoverage="0" isConstructor="false" isStatic="false" isGetter="false" isSetter="false">
              <Summary numSequencePoints="3" visitedSequencePoints="0" numBranchPoints="1" visitedBranchPoints="0" sequenceCoverage="0" branchCoverage="0" maxCyclomaticComplexity="1" minCyclomaticComplexity="1" />
              <MetadataToken>100663328</MetadataToken>
              <Name>System.Void nurl.Test.Processing::displayString(System.String)</Name>
              <FileRef uid="4" />
              <SequencePoints>
                <SequencePoint vc="0" uspid="270" ordinal="0" offset="0" sl="150" sc="40" el="150" ec="41" bec="0" bev="0" fileid="4" />
                <SequencePoint vc="0" uspid="271" ordinal="1" offset="1" sl="152" sc="4" el="152" ec="27" bec="0" bev="0" fileid="4" />
                <SequencePoint vc="0" uspid="272" ordinal="2" offset="8" sl="154" sc="3" el="154" ec="4" bec="0" bev="0" fileid="4" />
              </SequencePoints>
              <BranchPoints />
              <MethodPoint xsi:type="SequencePoint" vc="0" uspid="270" ordinal="0" offset="0" sl="150" sc="40" el="150" ec="41" bec="0" bev="0" fileid="4" />
            </Method>
          </Methods>
        </Class>
        <Class>
          <Summary numSequencePoints="26" visitedSequencePoints="0" numBranchPoints="5" visitedBranchPoints="0" sequenceCoverage="0" branchCoverage="0" maxCyclomaticComplexity="1" minCyclomaticComplexity="1" />
          <FullName>nurl.Test.TestParser</FullName>
          <Methods>
            <Method visited="false" cyclomaticComplexity="1" sequenceCoverage="0" branchCoverage="0" isConstructor="true" isStatic="false" isGetter="false" isSetter="false">
              <Summary numSequencePoints="3" visitedSequencePoints="0" numBranchPoints="1" visitedBranchPoints="0" sequenceCoverage="0" branchCoverage="0" maxCyclomaticComplexity="1" minCyclomaticComplexity="1" />
              <MetadataToken>100663329</MetadataToken>
              <Name>System.Void nurl.Test.TestParser::.ctor()</Name>
              <FileRef uid="6" />
              <SequencePoints>
                <SequencePoint vc="0" uspid="273" ordinal="0" offset="0" sl="21" sc="3" el="21" ec="22" bec="0" bev="0" fileid="6" />
                <SequencePoint vc="0" uspid="274" ordinal="1" offset="7" sl="22" sc="3" el="22" ec="4" bec="0" bev="0" fileid="6" />
                <SequencePoint vc="0" uspid="275" ordinal="2" offset="8" sl="24" sc="3" el="24" ec="4" bec="0" bev="0" fileid="6" />
              </SequencePoints>
              <BranchPoints />
              <MethodPoint xsi:type="SequencePoint" vc="0" uspid="273" ordinal="0" offset="0" sl="21" sc="3" el="21" ec="22" bec="0" bev="0" fileid="6" />
            </Method>
            <Method visited="false" cyclomaticComplexity="1" sequenceCoverage="0" branchCoverage="0" isConstructor="false" isStatic="false" isGetter="false" isSetter="false">
              <Summary numSequencePoints="7" visitedSequencePoints="0" numBranchPoints="1" visitedBranchPoints="0" sequenceCoverage="0" branchCoverage="0" maxCyclomaticComplexity="1" minCyclomaticComplexity="1" />
              <MetadataToken>100663330</MetadataToken>
              <Name>System.Void nurl.Test.TestParser::validArgsTest(System.String,System.Boolean,System.Int32)</Name>
              <FileRef uid="6" />
              <SequencePoints>
                <SequencePoint vc="0" uspid="276" ordinal="0" offset="0" sl="39" sc="3" el="39" ec="4" bec="0" bev="0" fileid="6" />
                <SequencePoint vc="0" uspid="277" ordinal="1" offset="1" sl="42" sc="4" el="42" ec="34" bec="0" bev="0" fileid="6" />
                <SequencePoint vc="0" uspid="278" ordinal="2" offset="21" sl="43" sc="4" el="43" ec="39" bec="0" bev="0" fileid="6" />
                <SequencePoint vc="0" uspid="279" ordinal="3" offset="28" sl="45" sc="4" el="45" ec="79" bec="0" bev="0" fileid="6" />
                <SequencePoint vc="0" uspid="280" ordinal="4" offset="39" sl="46" sc="4" el="46" ec="71" bec="0" bev="0" fileid="6" />
                <SequencePoint vc="0" uspid="281" ordinal="5" offset="64" sl="48" sc="4" el="48" ec="50" bec="0" bev="0" fileid="6" />
                <SequencePoint vc="0" uspid="282" ordinal="6" offset="79" sl="50" sc="3" el="50" ec="4" bec="0" bev="0" fileid="6" />
              </SequencePoints>
              <BranchPoints />
              <MethodPoint xsi:type="SequencePoint" vc="0" uspid="276" ordinal="0" offset="0" sl="39" sc="3" el="39" ec="4" bec="0" bev="0" fileid="6" />
            </Method>
            <Method visited="false" cyclomaticComplexity="1" sequenceCoverage="0" branchCoverage="0" isConstructor="false" isStatic="false" isGetter="false" isSetter="false">
              <Summary numSequencePoints="6" visitedSequencePoints="0" numBranchPoints="1" visitedBranchPoints="0" sequenceCoverage="0" branchCoverage="0" maxCyclomaticComplexity="1" minCyclomaticComplexity="1" />
              <MetadataToken>100663331</MetadataToken>
              <Name>System.Void nurl.Test.TestParser::validUrl(System.String,System.String,System.Int32)</Name>
              <FileRef uid="6" />
              <SequencePoints>
                <SequencePoint vc="0" uspid="283" ordinal="0" offset="0" sl="56" sc="3" el="56" ec="4" bec="0" bev="0" fileid="6" />
                <SequencePoint vc="0" uspid="284" ordinal="1" offset="1" sl="57" sc="4" el="57" ec="34" bec="0" bev="0" fileid="6" />
                <SequencePoint vc="0" uspid="285" ordinal="2" offset="21" sl="58" sc="4" el="58" ec="39" bec="0" bev="0" fileid="6" />
                <SequencePoint vc="0" uspid="286" ordinal="3" offset="28" sl="59" sc="4" el="59" ec="25" bec="0" bev="0" fileid="6" />
                <SequencePoint vc="0" uspid="287" ordinal="4" offset="35" sl="60" sc="4" el="60" ec="48" bec="0" bev="0" fileid="6" />
                <SequencePoint vc="0" uspid="288" ordinal="5" offset="48" sl="61" sc="3" el="61" ec="4" bec="0" bev="0" fileid="6" />
              </SequencePoints>
              <BranchPoints />
              <MethodPoint xsi:type="SequencePoint" vc="0" uspid="283" ordinal="0" offset="0" sl="56" sc="3" el="56" ec="4" bec="0" bev="0" fileid="6" />
            </Method>
            <Method visited="false" cyclomaticComplexity="1" sequenceCoverage="0" branchCoverage="0" isConstructor="false" isStatic="false" isGetter="false" isSetter="false">
              <Summary numSequencePoints="7" visitedSequencePoints="0" numBranchPoints="1" visitedBranchPoints="0" sequenceCoverage="0" branchCoverage="0" maxCyclomaticComplexity="1" minCyclomaticComplexity="1" />
              <MetadataToken>100663332</MetadataToken>
              <Name>System.Void nurl.Test.TestParser::validFile(System.String,System.String,System.Int32)</Name>
              <FileRef uid="6" />
              <SequencePoints>
                <SequencePoint vc="0" uspid="289" ordinal="0" offset="0" sl="66" sc="3" el="66" ec="4" bec="0" bev="0" fileid="6" />
                <SequencePoint vc="0" uspid="290" ordinal="1" offset="1" sl="67" sc="4" el="67" ec="34" bec="0" bev="0" fileid="6" />
                <SequencePoint vc="0" uspid="291" ordinal="2" offset="21" sl="68" sc="4" el="68" ec="39" bec="0" bev="0" fileid="6" />
                <SequencePoint vc="0" uspid="292" ordinal="3" offset="28" sl="69" sc="4" el="69" ec="25" bec="0" bev="0" fileid="6" />
                <SequencePoint vc="0" uspid="293" ordinal="4" offset="35" sl="72" sc="4" el="72" ec="99" bec="0" bev="0" fileid="6" />
                <SequencePoint vc="0" uspid="294" ordinal="5" offset="53" sl="74" sc="4" el="74" ec="50" bec="0" bev="0" fileid="6" />
                <SequencePoint vc="0" uspid="295" ordinal="6" offset="66" sl="75" sc="3" el="75" ec="4" bec="0" bev="0" fileid="6" />
              </SequencePoints>
              <BranchPoints />
              <MethodPoint xsi:type="SequencePoint" vc="0" uspid="289" ordinal="0" offset="0" sl="66" sc="3" el="66" ec="4" bec="0" bev="0" fileid="6" />
            </Method>
            <Method visited="false" cyclomaticComplexity="1" sequenceCoverage="0" branchCoverage="0" isConstructor="false" isStatic="false" isGetter="false" isSetter="false">
              <Summary numSequencePoints="3" visitedSequencePoints="0" numBranchPoints="1" visitedBranchPoints="0" sequenceCoverage="0" branchCoverage="0" maxCyclomaticComplexity="1" minCyclomaticComplexity="1" />
              <MetadataToken>100663333</MetadataToken>
              <Name>System.Void nurl.Test.TestParser::validUrlFormat(System.String,System.Boolean)</Name>
              <FileRef uid="6" />
              <SequencePoints>
                <SequencePoint vc="0" uspid="296" ordinal="0" offset="0" sl="80" sc="3" el="80" ec="4" bec="0" bev="0" fileid="6" />
                <SequencePoint vc="0" uspid="297" ordinal="1" offset="1" sl="81" sc="4" el="81" ec="48" bec="0" bev="0" fileid="6" />
                <SequencePoint vc="0" uspid="298" ordinal="2" offset="16" sl="82" sc="3" el="82" ec="4" bec="0" bev="0" fileid="6" />
              </SequencePoints>
              <BranchPoints />
              <MethodPoint xsi:type="SequencePoint" vc="0" uspid="296" ordinal="0" offset="0" sl="80" sc="3" el="80" ec="4" bec="0" bev="0" fileid="6" />
            </Method>
          </Methods>
        </Class>
        <Class>
          <Summary numSequencePoints="69" visitedSequencePoints="0" numBranchPoints="32" visitedBranchPoints="0" sequenceCoverage="0" branchCoverage="0" maxCyclomaticComplexity="14" minCyclomaticComplexity="1" />
          <FullName>nurl.Test.Parser</FullName>
          <Methods>
            <Method visited="false" cyclomaticComplexity="1" sequenceCoverage="0" branchCoverage="0" isConstructor="true" isStatic="false" isGetter="false" isSetter="false">
              <Summary numSequencePoints="4" visitedSequencePoints="0" numBranchPoints="1" visitedBranchPoints="0" sequenceCoverage="0" branchCoverage="0" maxCyclomaticComplexity="1" minCyclomaticComplexity="1" />
              <MetadataToken>100663334</MetadataToken>
              <Name>System.Void nurl.Test.Parser::.ctor(System.String[])</Name>
              <FileRef uid="6" />
              <SequencePoints>
                <SequencePoint vc="0" uspid="299" ordinal="0" offset="0" sl="95" sc="3" el="95" ec="32" bec="0" bev="0" fileid="6" />
                <SequencePoint vc="0" uspid="300" ordinal="1" offset="7" sl="96" sc="3" el="96" ec="4" bec="0" bev="0" fileid="6" />
                <SequencePoint vc="0" uspid="301" ordinal="2" offset="8" sl="97" sc="4" el="97" ec="17" bec="0" bev="0" fileid="6" />
                <SequencePoint vc="0" uspid="302" ordinal="3" offset="15" sl="98" sc="3" el="98" ec="4" bec="0" bev="0" fileid="6" />
              </SequencePoints>
              <BranchPoints />
              <MethodPoint xsi:type="SequencePoint" vc="0" uspid="299" ordinal="0" offset="0" sl="95" sc="3" el="95" ec="32" bec="0" bev="0" fileid="6" />
            </Method>
            <Method visited="false" cyclomaticComplexity="14" sequenceCoverage="0" branchCoverage="0" isConstructor="false" isStatic="false" isGetter="false" isSetter="false">
              <Summary numSequencePoints="41" visitedSequencePoints="0" numBranchPoints="27" visitedBranchPoints="0" sequenceCoverage="0" branchCoverage="0" maxCyclomaticComplexity="14" minCyclomaticComplexity="14" />
              <MetadataToken>100663335</MetadataToken>
              <Name>System.Boolean nurl.Test.Parser::validArgs()</Name>
              <FileRef uid="6" />
              <SequencePoints>
                <SequencePoint vc="0" uspid="303" ordinal="0" offset="0" sl="102" sc="26" el="102" ec="27" bec="0" bev="0" fileid="6" />
                <SequencePoint vc="0" uspid="304" ordinal="1" offset="1" sl="105" sc="4" el="105" ec="47" bec="0" bev="0" fileid="6" />
                <SequencePoint vc="0" uspid="305" ordinal="2" offset="12" sl="107" sc="4" el="107" ec="57" bec="4" bev="0" fileid="6" />
                <SequencePoint vc="0" uspid="306" ordinal="3" offset="58" sl="108" sc="4" el="108" ec="5" bec="0" bev="0" fileid="6" />
                <SequencePoint vc="0" uspid="307" ordinal="4" offset="59" sl="109" sc="5" el="109" ec="52" bec="0" bev="0" fileid="6" />
                <SequencePoint vc="0" uspid="308" ordinal="5" offset="70" sl="110" sc="5" el="110" ec="18" bec="0" bev="0" fileid="6" />
                <SequencePoint vc="0" uspid="309" ordinal="6" offset="77" sl="114" sc="4" el="114" ec="51" bec="4" bev="0" fileid="6" />
                <SequencePoint vc="0" uspid="310" ordinal="7" offset="119" sl="115" sc="4" el="115" ec="5" bec="0" bev="0" fileid="6" />
                <SequencePoint vc="0" uspid="311" ordinal="8" offset="120" sl="116" sc="5" el="116" ec="45" bec="0" bev="0" fileid="6" />
                <SequencePoint vc="0" uspid="312" ordinal="9" offset="131" sl="117" sc="5" el="117" ec="18" bec="0" bev="0" fileid="6" />
                <SequencePoint vc="0" uspid="313" ordinal="10" offset="138" sl="125" sc="4" el="125" ec="52" bec="4" bev="0" fileid="6" />
                <SequencePoint vc="0" uspid="314" ordinal="11" offset="179" sl="126" sc="4" el="126" ec="5" bec="0" bev="0" fileid="6" />
                <SequencePoint vc="0" uspid="315" ordinal="12" offset="180" sl="128" sc="5" el="128" ec="59" bec="0" bev="0" fileid="6" />
                <SequencePoint vc="0" uspid="316" ordinal="13" offset="191" sl="129" sc="5" el="129" ec="19" bec="0" bev="0" fileid="6" />
                <SequencePoint vc="0" uspid="317" ordinal="14" offset="198" sl="131" sc="8" el="131" ec="9" bec="0" bev="0" fileid="6" />
                <SequencePoint vc="0" uspid="318" ordinal="15" offset="199" sl="133" sc="5" el="133" ec="24" bec="0" bev="0" fileid="6" />
                <SequencePoint vc="0" uspid="319" ordinal="16" offset="213" sl="134" sc="4" el="134" ec="5" bec="0" bev="0" fileid="6" />
                <SequencePoint vc="0" uspid="320" ordinal="17" offset="214" sl="137" sc="4" el="137" ec="23" bec="2" bev="0" fileid="6" />
                <SequencePoint vc="0" uspid="321" ordinal="18" offset="235" sl="138" sc="4" el="138" ec="5" bec="0" bev="0" fileid="6" />
                <SequencePoint vc="0" uspid="322" ordinal="19" offset="236" sl="140" sc="5" el="140" ec="63" bec="4" bev="0" fileid="6" />
                <SequencePoint vc="0" uspid="323" ordinal="20" offset="282" sl="141" sc="5" el="141" ec="6" bec="0" bev="0" fileid="6" />
                <SequencePoint vc="0" uspid="324" ordinal="21" offset="283" sl="143" sc="6" el="143" ec="58" bec="0" bev="0" fileid="6" />
                <SequencePoint vc="0" uspid="325" ordinal="22" offset="294" sl="144" sc="6" el="144" ec="50" bec="0" bev="0" fileid="6" />
                <SequencePoint vc="0" uspid="326" ordinal="23" offset="313" sl="145" sc="6" el="145" ec="19" bec="0" bev="0" fileid="6" />
                <SequencePoint vc="0" uspid="327" ordinal="24" offset="320" sl="149" sc="5" el="149" ec="26" bec="2" bev="0" fileid="6" />
                <SequencePoint vc="0" uspid="328" ordinal="25" offset="338" sl="150" sc="5" el="150" ec="6" bec="0" bev="0" fileid="6" />
                <SequencePoint vc="0" uspid="329" ordinal="26" offset="339" sl="151" sc="6" el="151" ec="48" bec="0" bev="0" fileid="6" />
                <SequencePoint vc="0" uspid="330" ordinal="27" offset="350" sl="152" sc="6" el="152" ec="19" bec="0" bev="0" fileid="6" />
                <SequencePoint vc="0" uspid="331" ordinal="28" offset="357" sl="155" sc="5" el="155" ec="50" bec="4" bev="0" fileid="6" />
                <SequencePoint vc="0" uspid="332" ordinal="29" offset="402" sl="155" sc="50" el="155" ec="51" bec="0" bev="0" fileid="6" />
                <SequencePoint vc="0" uspid="333" ordinal="30" offset="403" sl="157" sc="6" el="157" ec="69" bec="0" bev="0" fileid="6" />
                <SequencePoint vc="0" uspid="334" ordinal="31" offset="414" sl="158" sc="5" el="158" ec="6" bec="0" bev="0" fileid="6" />
                <SequencePoint vc="0" uspid="335" ordinal="32" offset="415" sl="161" sc="5" el="161" ec="44" bec="0" bev="0" fileid="6" />
                <SequencePoint vc="0" uspid="336" ordinal="33" offset="434" sl="162" sc="5" el="162" ec="44" bec="0" bev="0" fileid="6" />
                <SequencePoint vc="0" uspid="337" ordinal="34" offset="453" sl="163" sc="5" el="163" ec="33" bec="2" bev="0" fileid="6" />
                <SequencePoint vc="0" uspid="338" ordinal="35" offset="478" sl="163" sc="33" el="163" ec="34" bec="0" bev="0" fileid="6" />
                <SequencePoint vc="0" uspid="339" ordinal="36" offset="479" sl="164" sc="6" el="164" ec="27" bec="0" bev="0" fileid="6" />
                <SequencePoint vc="0" uspid="340" ordinal="37" offset="493" sl="165" sc="5" el="165" ec="6" bec="0" bev="0" fileid="6" />
                <SequencePoint vc="0" uspid="341" ordinal="38" offset="494" sl="168" sc="4" el="168" ec="5" bec="0" bev="0" fileid="6" />
                <SequencePoint vc="0" uspid="342" ordinal="39" offset="495" sl="169" sc="4" el="169" ec="16" bec="0" bev="0" fileid="6" />
                <SequencePoint vc="0" uspid="343" ordinal="40" offset="499" sl="171" sc="3" el="171" ec="4" bec="0" bev="0" fileid="6" />
              </SequencePoints>
              <BranchPoints>
                <BranchPoint vc="0" uspid="344" ordinal="0" offset="30" path="0" offsetchain="" offsetend="32" />
                <BranchPoint vc="0" uspid="345" ordinal="1" offset="30" path="1" offsetchain="" offsetend="52" />
                <BranchPoint vc="0" uspid="346" ordinal="2" offset="56" path="0" offsetchain="" offsetend="58" />
                <BranchPoint vc="0" uspid="347" ordinal="3" offset="56" path="1" offsetchain="" offsetend="77" />
                <BranchPoint vc="0" uspid="348" ordinal="4" offset="95" path="0" offsetchain="" offsetend="97" />
                <BranchPoint vc="0" uspid="349" ordinal="5" offset="95" path="1" offsetchain="" offsetend="113" />
                <BranchPoint vc="0" uspid="350" ordinal="6" offset="117" path="0" offsetchain="" offsetend="119" />
                <BranchPoint vc="0" uspid="351" ordinal="7" offset="117" path="1" offsetchain="" offsetend="138" />
                <BranchPoint vc="0" uspid="352" ordinal="8" offset="156" path="0" offsetchain="" offsetend="158" />
                <BranchPoint vc="0" uspid="353" ordinal="9" offset="156" path="1" offsetchain="" offsetend="173" />
                <BranchPoint vc="0" uspid="354" ordinal="10" offset="177" path="0" offsetchain="" offsetend="179" />
                <BranchPoint vc="0" uspid="355" ordinal="11" offset="177" path="1" offsetchain="" offsetend="198" />
                <BranchPoint vc="0" uspid="356" ordinal="12" offset="230" path="0" offsetchain="" offsetend="235" />
                <BranchPoint vc="0" uspid="357" ordinal="13" offset="230" path="1" offsetchain="" offsetend="495" />
                <BranchPoint vc="0" uspid="358" ordinal="14" offset="254" path="0" offsetchain="" offsetend="256" />
                <BranchPoint vc="0" uspid="359" ordinal="15" offset="254" path="1" offsetchain="" offsetend="276" />
                <BranchPoint vc="0" uspid="360" ordinal="16" offset="280" path="0" offsetchain="" offsetend="282" />
                <BranchPoint vc="0" uspid="361" ordinal="17" offset="280" path="1" offsetchain="" offsetend="320" />
                <BranchPoint vc="0" uspid="362" ordinal="18" offset="336" path="0" offsetchain="" offsetend="338" />
                <BranchPoint vc="0" uspid="363" ordinal="19" offset="336" path="1" offsetchain="" offsetend="357" />
                <BranchPoint vc="0" uspid="364" ordinal="20" offset="375" path="0" offsetchain="" offsetend="377" />
                <BranchPoint vc="0" uspid="365" ordinal="21" offset="375" path="1" offsetchain="" offsetend="396" />
                <BranchPoint vc="0" uspid="366" ordinal="22" offset="400" path="0" offsetchain="" offsetend="402" />
                <BranchPoint vc="0" uspid="367" ordinal="23" offset="400" path="1" offsetchain="" offsetend="415" />
                <BranchPoint vc="0" uspid="368" ordinal="24" offset="476" path="0" offsetchain="" offsetend="478" />
                <BranchPoint vc="0" uspid="369" ordinal="25" offset="476" path="1" offsetchain="" offsetend="494" />
              </BranchPoints>
              <MethodPoint xsi:type="SequencePoint" vc="0" uspid="303" ordinal="0" offset="0" sl="102" sc="26" el="102" ec="27" bec="0" bev="0" fileid="6" />
            </Method>
            <Method visited="false" cyclomaticComplexity="1" sequenceCoverage="0" branchCoverage="0" isConstructor="false" isStatic="false" isGetter="false" isSetter="false">
              <Summary numSequencePoints="11" visitedSequencePoints="0" numBranchPoints="1" visitedBranchPoints="0" sequenceCoverage="0" branchCoverage="0" maxCyclomaticComplexity="1" minCyclomaticComplexity="1" />
              <MetadataToken>100663336</MetadataToken>
              <Name>System.Boolean nurl.Test.Parser::isInt(System.String)</Name>
              <FileRef uid="6" />
              <SequencePoints>
                <SequencePoint vc="0" uspid="370" ordinal="0" offset="0" sl="174" sc="3" el="174" ec="4" bec="0" bev="0" fileid="6" />
                <SequencePoint vc="0" uspid="371" ordinal="1" offset="1" sl="175" sc="8" el="175" ec="28" bec="0" bev="0" fileid="6" />
                <SequencePoint vc="0" uspid="372" ordinal="2" offset="3" sl="177" sc="12" el="177" ec="13" bec="0" bev="0" fileid="6" />
                <SequencePoint vc="0" uspid="373" ordinal="3" offset="4" sl="178" sc="12" el="178" ec="30" bec="0" bev="0" fileid="6" />
                <SequencePoint vc="0" uspid="374" ordinal="4" offset="11" sl="179" sc="12" el="179" ec="26" bec="0" bev="0" fileid="6" />
                <SequencePoint vc="0" uspid="375" ordinal="5" offset="13" sl="180" sc="8" el="180" ec="9" bec="0" bev="0" fileid="6" />
                <SequencePoint vc="0" uspid="376" ordinal="6" offset="16" sl="181" sc="8" el="181" ec="13" bec="0" bev="0" fileid="6" />
                <SequencePoint vc="0" uspid="377" ordinal="7" offset="17" sl="181" sc="14" el="181" ec="15" bec="0" bev="0" fileid="6" />
                <SequencePoint vc="0" uspid="378" ordinal="8" offset="18" sl="181" sc="15" el="181" ec="16" bec="0" bev="0" fileid="6" />
                <SequencePoint vc="0" uspid="379" ordinal="9" offset="22" sl="183" sc="8" el="183" ec="22" bec="0" bev="0" fileid="6" />
                <SequencePoint vc="0" uspid="380" ordinal="10" offset="26" sl="184" sc="3" el="184" ec="4" bec="0" bev="0" fileid="6" />
              </SequencePoints>
              <BranchPoints />
              <MethodPoint xsi:type="SequencePoint" vc="0" uspid="370" ordinal="0" offset="0" sl="174" sc="3" el="174" ec="4" bec="0" bev="0" fileid="6" />
            </Method>
            <Method visited="false" cyclomaticComplexity="2" sequenceCoverage="0" branchCoverage="0" isConstructor="false" isStatic="true" isGetter="false" isSetter="false">
              <Summary numSequencePoints="13" visitedSequencePoints="0" numBranchPoints="3" visitedBranchPoints="0" sequenceCoverage="0" branchCoverage="0" maxCyclomaticComplexity="2" minCyclomaticComplexity="2" />
              <MetadataToken>100663337</MetadataToken>
              <Name>System.Boolean nurl.Test.Parser::isAnUrl(System.String)</Name>
              <FileRef uid="6" />
              <SequencePoints>
                <SequencePoint vc="0" uspid="381" ordinal="0" offset="0" sl="187" sc="9" el="187" ec="10" bec="0" bev="0" fileid="6" />
                <SequencePoint vc="0" uspid="382" ordinal="1" offset="1" sl="189" sc="13" el="189" ec="14" bec="0" bev="0" fileid="6" />
                <SequencePoint vc="0" uspid="383" ordinal="2" offset="2" sl="190" sc="17" el="190" ec="36" bec="0" bev="0" fileid="6" />
                <SequencePoint vc="0" uspid="384" ordinal="3" offset="4" sl="192" sc="17" el="192" ec="47" bec="2" bev="0" fileid="6" />
                <SequencePoint vc="0" uspid="385" ordinal="4" offset="19" sl="193" sc="21" el="193" ec="34" bec="0" bev="0" fileid="6" />
                <SequencePoint vc="0" uspid="386" ordinal="5" offset="23" sl="196" sc="17" el="196" ec="83" bec="0" bev="0" fileid="6" />
                <SequencePoint vc="0" uspid="387" ordinal="6" offset="35" sl="198" sc="17" el="198" ec="41" bec="0" bev="0" fileid="6" />
                <SequencePoint vc="0" uspid="388" ordinal="7" offset="47" sl="201" sc="17" el="201" ec="85" bec="0" bev="0" fileid="6" />
                <SequencePoint vc="0" uspid="389" ordinal="8" offset="59" sl="203" sc="17" el="203" ec="67" bec="0" bev="0" fileid="6" />
                <SequencePoint vc="0" uspid="390" ordinal="9" offset="75" sl="205" sc="13" el="205" ec="18" bec="0" bev="0" fileid="6" />
                <SequencePoint vc="0" uspid="391" ordinal="10" offset="76" sl="206" sc="13" el="206" ec="14" bec="0" bev="0" fileid="6" />
                <SequencePoint vc="0" uspid="392" ordinal="11" offset="77" sl="208" sc="17" el="208" ec="30" bec="0" bev="0" fileid="6" />
                <SequencePoint vc="0" uspid="393" ordinal="12" offset="82" sl="210" sc="9" el="210" ec="10" bec="0" bev="0" fileid="6" />
              </SequencePoints>
              <BranchPoints>
                <BranchPoint vc="0" uspid="394" ordinal="0" offset="17" path="0" offsetchain="" offsetend="19" />
                <BranchPoint vc="0" uspid="395" ordinal="1" offset="17" path="1" offsetchain="" offsetend="23" />
              </BranchPoints>
              <MethodPoint xsi:type="SequencePoint" vc="0" uspid="381" ordinal="0" offset="0" sl="187" sc="9" el="187" ec="10" bec="0" bev="0" fileid="6" />
            </Method>
          </Methods>
        </Class>
      </Classes>
    </Module>
    <Module skippedDueTo="MissingPdb" hash="42-83-FE-A6-9F-01-8E-2C-E8-41-E9-25-3E-1E-0D-99-81-76-6B-C9">
      <FullName>C:\Users\Romain GABEL\AppData\Local\Temp\nunit20\ShadowCopyCache\2924_635369780901841695\Tests_6598078\assembly\dl3\da424abc\008f2c7e_3edace01\nunit.framework.dll</FullName>
      <ModuleName>nunit.framework</ModuleName>
      <Classes />
    </Module>
    <Module skippedDueTo="MissingPdb" hash="62-C2-E0-4B-BA-84-36-91-2D-9B-CE-C1-EC-4D-4C-7A-FC-84-3A-47">
      <FullName>C:\Users\Romain GABEL\AppData\Local\Temp\nunit20\ShadowCopyCache\2924_635369780901841695\Tests_6598078\assembly\dl3\77ed720c\534e950c_a479cf01\CommandLine.dll</FullName>
      <ModuleName>CommandLine</ModuleName>
      <Classes />
    </Module>
    <Module skippedDueTo="Filter" hash="B6-60-CE-70-25-03-8E-12-F0-FF-EB-DA-C8-94-AA-A9-02-DE-71-07">
      <FullName>C:\Windows\Microsoft.Net\assembly\GAC_MSIL\System.Configuration\v4.0_4.0.0.0__b03f5f7f11d50a3a\System.Configuration.dll</FullName>
      <ModuleName>System.Configuration</ModuleName>
      <Classes />
    </Module>
  </Modules>
</CoverageSession>